{"meta": {"format": 3, "version": "7.10.7", "timestamp": "2025-10-01T20:50:45.960142", "branch_coverage": false, "show_contexts": false}, "files": {"src/__init__.py": {"executed_lines": [], "summary": {"covered_lines": 0, "num_statements": 1, "percent_covered": 0.0, "percent_covered_display": "0", "missing_lines": 1, "excluded_lines": 0}, "missing_lines": [5], "excluded_lines": [], "functions": {"": {"executed_lines": [], "summary": {"covered_lines": 0, "num_statements": 1, "percent_covered": 0.0, "percent_covered_display": "0", "missing_lines": 1, "excluded_lines": 0}, "missing_lines": [5], "excluded_lines": []}}, "classes": {"": {"executed_lines": [], "summary": {"covered_lines": 0, "num_statements": 1, "percent_covered": 0.0, "percent_covered_display": "0", "missing_lines": 1, "excluded_lines": 0}, "missing_lines": [5], "excluded_lines": []}}}, "src/authservice/__init__.py": {"executed_lines": [], "summary": {"covered_lines": 0, "num_statements": 2, "percent_covered": 0.0, "percent_covered_display": "0", "missing_lines": 2, "excluded_lines": 0}, "missing_lines": [5, 13], "excluded_lines": [], "functions": {"": {"executed_lines": [], "summary": {"covered_lines": 0, "num_statements": 2, "percent_covered": 0.0, "percent_covered_display": "0", "missing_lines": 2, "excluded_lines": 0}, "missing_lines": [5, 13], "excluded_lines": []}}, "classes": {"": {"executed_lines": [], "summary": {"covered_lines": 0, "num_statements": 2, "percent_covered": 0.0, "percent_covered_display": "0", "missing_lines": 2, "excluded_lines": 0}, "missing_lines": [5, 13], "excluded_lines": []}}}, "src/authservice/routes.py": {"executed_lines": [], "summary": {"covered_lines": 0, "num_statements": 37, "percent_covered": 0.0, "percent_covered_display": "0", "missing_lines": 37, "excluded_lines": 0}, "missing_lines": [5, 6, 7, 8, 10, 13, 15, 16, 18, 20, 21, 22, 24, 26, 27, 28, 29, 32, 38, 39, 49, 52, 54, 60, 61, 70, 77, 78, 87, 89, 90, 99, 101, 112, 113, 120, 122], "excluded_lines": [], "functions": {"login": {"executed_lines": [], "summary": {"covered_lines": 0, "num_statements": 3, "percent_covered": 0.0, "percent_covered_display": "0", "missing_lines": 3, "excluded_lines": 0}, "missing_lines": [49, 52, 54], "excluded_lines": []}, "get_me": {"executed_lines": [], "summary": {"covered_lines": 0, "num_statements": 1, "percent_covered": 0.0, "percent_covered_display": "0", "missing_lines": 1, "excluded_lines": 0}, "missing_lines": [70], "excluded_lines": []}, "validate_token": {"executed_lines": [], "summary": {"covered_lines": 0, "num_statements": 1, "percent_covered": 0.0, "percent_covered_display": "0", "missing_lines": 1, "excluded_lines": 0}, "missing_lines": [87], "excluded_lines": []}, "test_token": {"executed_lines": [], "summary": {"covered_lines": 0, "num_statements": 2, "percent_covered": 0.0, "percent_covered_display": "0", "missing_lines": 2, "excluded_lines": 0}, "missing_lines": [99, 101], "excluded_lines": []}, "quick_login": {"executed_lines": [], "summary": {"covered_lines": 0, "num_statements": 2, "percent_covered": 0.0, "percent_covered_display": "0", "missing_lines": 2, "excluded_lines": 0}, "missing_lines": [120, 122], "excluded_lines": []}, "": {"executed_lines": [], "summary": {"covered_lines": 0, "num_statements": 28, "percent_covered": 0.0, "percent_covered_display": "0", "missing_lines": 28, "excluded_lines": 0}, "missing_lines": [5, 6, 7, 8, 10, 13, 15, 16, 18, 20, 21, 22, 24, 26, 27, 28, 29, 32, 38, 39, 60, 61, 77, 78, 89, 90, 112, 113], "excluded_lines": []}}, "classes": {"LoginRequest": {"executed_lines": [], "summary": {"covered_lines": 0, "num_statements": 0, "percent_covered": 100.0, "percent_covered_display": "100", "missing_lines": 0, "excluded_lines": 0}, "missing_lines": [], "excluded_lines": []}, "TokenResponse": {"executed_lines": [], "summary": {"covered_lines": 0, "num_statements": 0, "percent_covered": 100.0, "percent_covered_display": "100", "missing_lines": 0, "excluded_lines": 0}, "missing_lines": [], "excluded_lines": []}, "UserResponse": {"executed_lines": [], "summary": {"covered_lines": 0, "num_statements": 0, "percent_covered": 100.0, "percent_covered_display": "100", "missing_lines": 0, "excluded_lines": 0}, "missing_lines": [], "excluded_lines": []}, "": {"executed_lines": [], "summary": {"covered_lines": 0, "num_statements": 37, "percent_covered": 0.0, "percent_covered_display": "0", "missing_lines": 37, "excluded_lines": 0}, "missing_lines": [5, 6, 7, 8, 10, 13, 15, 16, 18, 20, 21, 22, 24, 26, 27, 28, 29, 32, 38, 39, 49, 52, 54, 60, 61, 70, 77, 78, 87, 89, 90, 99, 101, 112, 113, 120, 122], "excluded_lines": []}}}, "src/authservice/token.py": {"executed_lines": [], "summary": {"covered_lines": 0, "num_statements": 80, "percent_covered": 0.0, "percent_covered_display": "0", "missing_lines": 80, "excluded_lines": 0}, "missing_lines": [5, 6, 7, 8, 9, 10, 11, 12, 15, 18, 20, 23, 33, 34, 35, 38, 40, 51, 52, 54, 57, 64, 66, 68, 69, 72, 73, 74, 76, 77, 78, 79, 81, 93, 95, 96, 97, 104, 105, 106, 112, 113, 115, 121, 123, 125, 126, 127, 133, 147, 148, 155, 161, 174, 175, 176, 183, 184, 185, 191, 192, 194, 197, 198, 200, 201, 202, 209, 216, 222, 223, 228, 235, 241, 242, 247, 253, 265, 266, 270], "excluded_lines": [], "functions": {"is_dev_mode": {"executed_lines": [], "summary": {"covered_lines": 0, "num_statements": 1, "percent_covered": 0.0, "percent_covered_display": "0", "missing_lines": 1, "excluded_lines": 0}, "missing_lines": [20], "excluded_lines": []}, "create_token": {"executed_lines": [], "summary": {"covered_lines": 0, "num_statements": 15, "percent_covered": 0.0, "percent_covered_display": "0", "missing_lines": 15, "excluded_lines": 0}, "missing_lines": [51, 52, 54, 57, 64, 66, 68, 69, 72, 73, 74, 76, 77, 78, 79], "excluded_lines": []}, "decode_token": {"executed_lines": [], "summary": {"covered_lines": 0, "num_statements": 15, "percent_covered": 0.0, "percent_covered_display": "0", "missing_lines": 15, "excluded_lines": 0}, "missing_lines": [93, 95, 96, 97, 104, 105, 106, 112, 113, 115, 121, 123, 125, 126, 127], "excluded_lines": []}, "validate_credentials": {"executed_lines": [], "summary": {"covered_lines": 0, "num_statements": 3, "percent_covered": 0.0, "percent_covered_display": "0", "missing_lines": 3, "excluded_lines": 0}, "missing_lines": [147, 148, 155], "excluded_lines": []}, "get_current_user": {"executed_lines": [], "summary": {"covered_lines": 0, "num_statements": 15, "percent_covered": 0.0, "percent_covered_display": "0", "missing_lines": 15, "excluded_lines": 0}, "missing_lines": [174, 175, 176, 183, 184, 185, 191, 192, 194, 197, 198, 200, 201, 202, 209], "excluded_lines": []}, "get_dev_user": {"executed_lines": [], "summary": {"covered_lines": 0, "num_statements": 3, "percent_covered": 0.0, "percent_covered_display": "0", "missing_lines": 3, "excluded_lines": 0}, "missing_lines": [222, 223, 228], "excluded_lines": []}, "create_dev_token": {"executed_lines": [], "summary": {"covered_lines": 0, "num_statements": 3, "percent_covered": 0.0, "percent_covered_display": "0", "missing_lines": 3, "excluded_lines": 0}, "missing_lines": [241, 242, 247], "excluded_lines": []}, "verify_admin": {"executed_lines": [], "summary": {"covered_lines": 0, "num_statements": 3, "percent_covered": 0.0, "percent_covered_display": "0", "missing_lines": 3, "excluded_lines": 0}, "missing_lines": [265, 266, 270], "excluded_lines": []}, "": {"executed_lines": [], "summary": {"covered_lines": 0, "num_statements": 22, "percent_covered": 0.0, "percent_covered_display": "0", "missing_lines": 22, "excluded_lines": 0}, "missing_lines": [5, 6, 7, 8, 9, 10, 11, 12, 15, 18, 23, 33, 34, 35, 38, 40, 81, 133, 161, 216, 235, 253], "excluded_lines": []}}, "classes": {"": {"executed_lines": [], "summary": {"covered_lines": 0, "num_statements": 80, "percent_covered": 0.0, "percent_covered_display": "0", "missing_lines": 80, "excluded_lines": 0}, "missing_lines": [5, 6, 7, 8, 9, 10, 11, 12, 15, 18, 20, 23, 33, 34, 35, 38, 40, 51, 52, 54, 57, 64, 66, 68, 69, 72, 73, 74, 76, 77, 78, 79, 81, 93, 95, 96, 97, 104, 105, 106, 112, 113, 115, 121, 123, 125, 126, 127, 133, 147, 148, 155, 161, 174, 175, 176, 183, 184, 185, 191, 192, 194, 197, 198, 200, 201, 202, 209, 216, 222, 223, 228, 235, 241, 242, 247, 253, 265, 266, 270], "excluded_lines": []}}}, "src/casefileservice/__init__.py": {"executed_lines": [], "summary": {"covered_lines": 0, "num_statements": 2, "percent_covered": 0.0, "percent_covered_display": "0", "missing_lines": 2, "excluded_lines": 0}, "missing_lines": [5, 7], "excluded_lines": [], "functions": {"": {"executed_lines": [], "summary": {"covered_lines": 0, "num_statements": 2, "percent_covered": 0.0, "percent_covered_display": "0", "missing_lines": 2, "excluded_lines": 0}, "missing_lines": [5, 7], "excluded_lines": []}}, "classes": {"": {"executed_lines": [], "summary": {"covered_lines": 0, "num_statements": 2, "percent_covered": 0.0, "percent_covered_display": "0", "missing_lines": 2, "excluded_lines": 0}, "missing_lines": [5, 7], "excluded_lines": []}}}, "src/casefileservice/repository.py": {"executed_lines": [], "summary": {"covered_lines": 0, "num_statements": 67, "percent_covered": 0.0, "percent_covered_display": "0", "missing_lines": 67, "excluded_lines": 0}, "missing_lines": [5, 6, 7, 8, 10, 12, 14, 17, 19, 21, 23, 24, 26, 29, 30, 31, 32, 34, 35, 36, 38, 40, 43, 44, 47, 48, 49, 51, 52, 55, 57, 59, 68, 71, 72, 74, 76, 78, 87, 88, 90, 91, 93, 94, 96, 103, 104, 106, 108, 118, 119, 120, 123, 126, 127, 128, 131, 133, 135, 147, 149, 158, 159, 160, 161, 162, 163], "excluded_lines": [], "functions": {"CasefileRepository.__init__": {"executed_lines": [], "summary": {"covered_lines": 0, "num_statements": 1, "percent_covered": 0.0, "percent_covered_display": "0", "missing_lines": 1, "excluded_lines": 0}, "missing_lines": [19], "excluded_lines": []}, "CasefileRepository._init_firestore": {"executed_lines": [], "summary": {"covered_lines": 0, "num_statements": 21, "percent_covered": 0.0, "percent_covered_display": "0", "missing_lines": 21, "excluded_lines": 0}, "missing_lines": [23, 24, 26, 29, 30, 31, 32, 34, 35, 36, 38, 40, 43, 44, 47, 48, 49, 51, 52, 55, 57], "excluded_lines": []}, "CasefileRepository.create_casefile": {"executed_lines": [], "summary": {"covered_lines": 0, "num_statements": 5, "percent_covered": 0.0, "percent_covered_display": "0", "missing_lines": 5, "excluded_lines": 0}, "missing_lines": [68, 71, 72, 74, 76], "excluded_lines": []}, "CasefileRepository.get_casefile": {"executed_lines": [], "summary": {"covered_lines": 0, "num_statements": 6, "percent_covered": 0.0, "percent_covered_display": "0", "missing_lines": 6, "excluded_lines": 0}, "missing_lines": [87, 88, 90, 91, 93, 94], "excluded_lines": []}, "CasefileRepository.update_casefile": {"executed_lines": [], "summary": {"covered_lines": 0, "num_statements": 3, "percent_covered": 0.0, "percent_covered_display": "0", "missing_lines": 3, "excluded_lines": 0}, "missing_lines": [103, 104, 106], "excluded_lines": []}, "CasefileRepository.list_casefiles": {"executed_lines": [], "summary": {"covered_lines": 0, "num_statements": 11, "percent_covered": 0.0, "percent_covered_display": "0", "missing_lines": 11, "excluded_lines": 0}, "missing_lines": [118, 119, 120, 123, 126, 127, 128, 131, 133, 135, 147], "excluded_lines": []}, "CasefileRepository.delete_casefile": {"executed_lines": [], "summary": {"covered_lines": 0, "num_statements": 6, "percent_covered": 0.0, "percent_covered_display": "0", "missing_lines": 6, "excluded_lines": 0}, "missing_lines": [158, 159, 160, 161, 162, 163], "excluded_lines": []}, "": {"executed_lines": [], "summary": {"covered_lines": 0, "num_statements": 14, "percent_covered": 0.0, "percent_covered_display": "0", "missing_lines": 14, "excluded_lines": 0}, "missing_lines": [5, 6, 7, 8, 10, 12, 14, 17, 21, 59, 78, 96, 108, 149], "excluded_lines": []}}, "classes": {"CasefileRepository": {"executed_lines": [], "summary": {"covered_lines": 0, "num_statements": 53, "percent_covered": 0.0, "percent_covered_display": "0", "missing_lines": 53, "excluded_lines": 0}, "missing_lines": [19, 23, 24, 26, 29, 30, 31, 32, 34, 35, 36, 38, 40, 43, 44, 47, 48, 49, 51, 52, 55, 57, 68, 71, 72, 74, 76, 87, 88, 90, 91, 93, 94, 103, 104, 106, 118, 119, 120, 123, 126, 127, 128, 131, 133, 135, 147, 158, 159, 160, 161, 162, 163], "excluded_lines": []}, "": {"executed_lines": [], "summary": {"covered_lines": 0, "num_statements": 14, "percent_covered": 0.0, "percent_covered_display": "0", "missing_lines": 14, "excluded_lines": 0}, "missing_lines": [5, 6, 7, 8, 10, 12, 14, 17, 21, 59, 78, 96, 108, 149], "excluded_lines": []}}}, "src/casefileservice/service.py": {"executed_lines": [], "summary": {"covered_lines": 0, "num_statements": 55, "percent_covered": 0.0, "percent_covered_display": "0", "missing_lines": 55, "excluded_lines": 0}, "missing_lines": [5, 6, 7, 9, 10, 12, 14, 17, 19, 21, 34, 42, 47, 49, 51, 63, 64, 65, 67, 69, 83, 84, 85, 88, 89, 90, 91, 92, 93, 94, 97, 98, 101, 104, 106, 108, 117, 118, 120, 133, 134, 135, 138, 140, 141, 143, 148, 162, 163, 164, 167, 168, 169, 172, 174], "excluded_lines": [], "functions": {"CasefileService.__init__": {"executed_lines": [], "summary": {"covered_lines": 0, "num_statements": 1, "percent_covered": 0.0, "percent_covered_display": "0", "missing_lines": 1, "excluded_lines": 0}, "missing_lines": [19], "excluded_lines": []}, "CasefileService.create_casefile": {"executed_lines": [], "summary": {"covered_lines": 0, "num_statements": 4, "percent_covered": 0.0, "percent_covered_display": "0", "missing_lines": 4, "excluded_lines": 0}, "missing_lines": [34, 42, 47, 49], "excluded_lines": []}, "CasefileService.get_casefile": {"executed_lines": [], "summary": {"covered_lines": 0, "num_statements": 4, "percent_covered": 0.0, "percent_covered_display": "0", "missing_lines": 4, "excluded_lines": 0}, "missing_lines": [63, 64, 65, 67], "excluded_lines": []}, "CasefileService.update_casefile": {"executed_lines": [], "summary": {"covered_lines": 0, "num_statements": 15, "percent_covered": 0.0, "percent_covered_display": "0", "missing_lines": 15, "excluded_lines": 0}, "missing_lines": [83, 84, 85, 88, 89, 90, 91, 92, 93, 94, 97, 98, 101, 104, 106], "excluded_lines": []}, "CasefileService.list_casefiles": {"executed_lines": [], "summary": {"covered_lines": 0, "num_statements": 2, "percent_covered": 0.0, "percent_covered_display": "0", "missing_lines": 2, "excluded_lines": 0}, "missing_lines": [117, 118], "excluded_lines": []}, "CasefileService.delete_casefile": {"executed_lines": [], "summary": {"covered_lines": 0, "num_statements": 7, "percent_covered": 0.0, "percent_covered_display": "0", "missing_lines": 7, "excluded_lines": 0}, "missing_lines": [133, 134, 135, 138, 140, 141, 143], "excluded_lines": []}, "CasefileService.add_session_to_casefile": {"executed_lines": [], "summary": {"covered_lines": 0, "num_statements": 8, "percent_covered": 0.0, "percent_covered_display": "0", "missing_lines": 8, "excluded_lines": 0}, "missing_lines": [162, 163, 164, 167, 168, 169, 172, 174], "excluded_lines": []}, "": {"executed_lines": [], "summary": {"covered_lines": 0, "num_statements": 14, "percent_covered": 0.0, "percent_covered_display": "0", "missing_lines": 14, "excluded_lines": 0}, "missing_lines": [5, 6, 7, 9, 10, 12, 14, 17, 21, 51, 69, 108, 120, 148], "excluded_lines": []}}, "classes": {"CasefileService": {"executed_lines": [], "summary": {"covered_lines": 0, "num_statements": 41, "percent_covered": 0.0, "percent_covered_display": "0", "missing_lines": 41, "excluded_lines": 0}, "missing_lines": [19, 34, 42, 47, 49, 63, 64, 65, 67, 83, 84, 85, 88, 89, 90, 91, 92, 93, 94, 97, 98, 101, 104, 106, 117, 118, 133, 134, 135, 138, 140, 141, 143, 162, 163, 164, 167, 168, 169, 172, 174], "excluded_lines": []}, "": {"executed_lines": [], "summary": {"covered_lines": 0, "num_statements": 14, "percent_covered": 0.0, "percent_covered_display": "0", "missing_lines": 14, "excluded_lines": 0}, "missing_lines": [5, 6, 7, 9, 10, 12, 14, 17, 21, 51, 69, 108, 120, 148], "excluded_lines": []}}}, "src/communicationservice/__init__.py": {"executed_lines": [], "summary": {"covered_lines": 0, "num_statements": 0, "percent_covered": 100.0, "percent_covered_display": "100", "missing_lines": 0, "excluded_lines": 0}, "missing_lines": [], "excluded_lines": [], "functions": {"": {"executed_lines": [], "summary": {"covered_lines": 0, "num_statements": 0, "percent_covered": 100.0, "percent_covered_display": "100", "missing_lines": 0, "excluded_lines": 0}, "missing_lines": [], "excluded_lines": []}}, "classes": {"": {"executed_lines": [], "summary": {"covered_lines": 0, "num_statements": 0, "percent_covered": 100.0, "percent_covered_display": "100", "missing_lines": 0, "excluded_lines": 0}, "missing_lines": [], "excluded_lines": []}}}, "src/communicationservice/repository.py": {"executed_lines": [], "summary": {"covered_lines": 0, "num_statements": 29, "percent_covered": 0.0, "percent_covered_display": "0", "missing_lines": 29, "excluded_lines": 0}, "missing_lines": [5, 6, 8, 10, 12, 15, 18, 19, 20, 22, 28, 29, 31, 37, 38, 40, 49, 50, 52, 53, 54, 56, 67, 70, 71, 72, 73, 75, 76], "excluded_lines": [], "functions": {"ChatSessionRepository.__init__": {"executed_lines": [], "summary": {"covered_lines": 0, "num_statements": 3, "percent_covered": 0.0, "percent_covered_display": "0", "missing_lines": 3, "excluded_lines": 0}, "missing_lines": [18, 19, 20], "excluded_lines": []}, "ChatSessionRepository.create_session": {"executed_lines": [], "summary": {"covered_lines": 0, "num_statements": 2, "percent_covered": 0.0, "percent_covered_display": "0", "missing_lines": 2, "excluded_lines": 0}, "missing_lines": [28, 29], "excluded_lines": []}, "ChatSessionRepository.update_session": {"executed_lines": [], "summary": {"covered_lines": 0, "num_statements": 2, "percent_covered": 0.0, "percent_covered_display": "0", "missing_lines": 2, "excluded_lines": 0}, "missing_lines": [37, 38], "excluded_lines": []}, "ChatSessionRepository.get_session": {"executed_lines": [], "summary": {"covered_lines": 0, "num_statements": 5, "percent_covered": 0.0, "percent_covered_display": "0", "missing_lines": 5, "excluded_lines": 0}, "missing_lines": [49, 50, 52, 53, 54], "excluded_lines": []}, "ChatSessionRepository.list_sessions": {"executed_lines": [], "summary": {"covered_lines": 0, "num_statements": 7, "percent_covered": 0.0, "percent_covered_display": "0", "missing_lines": 7, "excluded_lines": 0}, "missing_lines": [67, 70, 71, 72, 73, 75, 76], "excluded_lines": []}, "": {"executed_lines": [], "summary": {"covered_lines": 0, "num_statements": 10, "percent_covered": 0.0, "percent_covered_display": "0", "missing_lines": 10, "excluded_lines": 0}, "missing_lines": [5, 6, 8, 10, 12, 15, 22, 31, 40, 56], "excluded_lines": []}}, "classes": {"ChatSessionRepository": {"executed_lines": [], "summary": {"covered_lines": 0, "num_statements": 19, "percent_covered": 0.0, "percent_covered_display": "0", "missing_lines": 19, "excluded_lines": 0}, "missing_lines": [18, 19, 20, 28, 29, 37, 38, 49, 50, 52, 53, 54, 67, 70, 71, 72, 73, 75, 76], "excluded_lines": []}, "": {"executed_lines": [], "summary": {"covered_lines": 0, "num_statements": 10, "percent_covered": 0.0, "percent_covered_display": "0", "missing_lines": 10, "excluded_lines": 0}, "missing_lines": [5, 6, 8, 10, 12, 15, 22, 31, 40, 56], "excluded_lines": []}}}, "src/communicationservice/service.py": {"executed_lines": [], "summary": {"covered_lines": 0, "num_statements": 123, "percent_covered": 0.0, "percent_covered_display": "0", "missing_lines": 123, "excluded_lines": 0}, "missing_lines": [3, 5, 6, 7, 8, 10, 11, 12, 13, 21, 22, 23, 24, 26, 28, 30, 33, 35, 36, 37, 39, 42, 44, 49, 51, 53, 54, 55, 56, 58, 60, 62, 65, 69, 71, 72, 73, 75, 78, 80, 87, 89, 90, 91, 99, 100, 101, 102, 113, 114, 115, 120, 121, 122, 123, 124, 125, 127, 138, 139, 146, 148, 156, 167, 168, 169, 176, 177, 178, 179, 190, 191, 192, 193, 195, 196, 198, 205, 217, 218, 219, 226, 227, 228, 229, 241, 242, 243, 245, 246, 248, 250, 253, 254, 255, 257, 259, 266, 267, 280, 283, 284, 285, 287, 288, 289, 291, 292, 293, 294, 295, 296, 297, 299, 305, 308, 309, 311, 312, 313, 314, 315, 317], "excluded_lines": [], "functions": {"CommunicationService.__init__": {"executed_lines": [], "summary": {"covered_lines": 0, "num_statements": 3, "percent_covered": 0.0, "percent_covered_display": "0", "missing_lines": 3, "excluded_lines": 0}, "missing_lines": [35, 36, 37], "excluded_lines": []}, "CommunicationService.create_session": {"executed_lines": [], "summary": {"covered_lines": 0, "num_statements": 10, "percent_covered": 0.0, "percent_covered_display": "0", "missing_lines": 10, "excluded_lines": 0}, "missing_lines": [42, 44, 49, 51, 53, 54, 55, 56, 58, 60], "excluded_lines": []}, "CommunicationService.process_chat_request": {"executed_lines": [], "summary": {"covered_lines": 0, "num_statements": 59, "percent_covered": 0.0, "percent_covered_display": "0", "missing_lines": 59, "excluded_lines": 0}, "missing_lines": [65, 69, 71, 72, 73, 75, 78, 80, 87, 89, 90, 91, 99, 100, 101, 102, 113, 114, 115, 120, 121, 122, 123, 124, 125, 127, 138, 139, 146, 148, 156, 167, 168, 169, 176, 177, 178, 179, 190, 191, 192, 193, 195, 196, 198, 205, 217, 218, 219, 226, 227, 228, 229, 241, 242, 243, 245, 246, 248], "excluded_lines": []}, "CommunicationService.get_session": {"executed_lines": [], "summary": {"covered_lines": 0, "num_statements": 4, "percent_covered": 0.0, "percent_covered_display": "0", "missing_lines": 4, "excluded_lines": 0}, "missing_lines": [253, 254, 255, 257], "excluded_lines": []}, "CommunicationService.list_sessions": {"executed_lines": [], "summary": {"covered_lines": 0, "num_statements": 2, "percent_covered": 0.0, "percent_covered_display": "0", "missing_lines": 2, "excluded_lines": 0}, "missing_lines": [266, 267], "excluded_lines": []}, "CommunicationService.close_session": {"executed_lines": [], "summary": {"covered_lines": 0, "num_statements": 14, "percent_covered": 0.0, "percent_covered_display": "0", "missing_lines": 14, "excluded_lines": 0}, "missing_lines": [283, 284, 285, 287, 288, 289, 291, 292, 293, 294, 295, 296, 297, 299], "excluded_lines": []}, "CommunicationService._ensure_tool_session": {"executed_lines": [], "summary": {"covered_lines": 0, "num_statements": 8, "percent_covered": 0.0, "percent_covered_display": "0", "missing_lines": 8, "excluded_lines": 0}, "missing_lines": [308, 309, 311, 312, 313, 314, 315, 317], "excluded_lines": []}, "": {"executed_lines": [], "summary": {"covered_lines": 0, "num_statements": 23, "percent_covered": 0.0, "percent_covered_display": "0", "missing_lines": 23, "excluded_lines": 0}, "missing_lines": [3, 5, 6, 7, 8, 10, 11, 12, 13, 21, 22, 23, 24, 26, 28, 30, 33, 39, 62, 250, 259, 280, 305], "excluded_lines": []}}, "classes": {"CommunicationService": {"executed_lines": [], "summary": {"covered_lines": 0, "num_statements": 100, "percent_covered": 0.0, "percent_covered_display": "0", "missing_lines": 100, "excluded_lines": 0}, "missing_lines": [35, 36, 37, 42, 44, 49, 51, 53, 54, 55, 56, 58, 60, 65, 69, 71, 72, 73, 75, 78, 80, 87, 89, 90, 91, 99, 100, 101, 102, 113, 114, 115, 120, 121, 122, 123, 124, 125, 127, 138, 139, 146, 148, 156, 167, 168, 169, 176, 177, 178, 179, 190, 191, 192, 193, 195, 196, 198, 205, 217, 218, 219, 226, 227, 228, 229, 241, 242, 243, 245, 246, 248, 253, 254, 255, 257, 266, 267, 283, 284, 285, 287, 288, 289, 291, 292, 293, 294, 295, 296, 297, 299, 308, 309, 311, 312, 313, 314, 315, 317], "excluded_lines": []}, "": {"executed_lines": [], "summary": {"covered_lines": 0, "num_statements": 23, "percent_covered": 0.0, "percent_covered_display": "0", "missing_lines": 23, "excluded_lines": 0}, "missing_lines": [3, 5, 6, 7, 8, 10, 11, 12, 13, 21, 22, 23, 24, 26, 28, 30, 33, 39, 62, 250, 259, 280, 305], "excluded_lines": []}}}, "src/coreservice/__init__.py": {"executed_lines": [], "summary": {"covered_lines": 0, "num_statements": 1, "percent_covered": 0.0, "percent_covered_display": "0", "missing_lines": 1, "excluded_lines": 0}, "missing_lines": [5], "excluded_lines": [], "functions": {"": {"executed_lines": [], "summary": {"covered_lines": 0, "num_statements": 1, "percent_covered": 0.0, "percent_covered_display": "0", "missing_lines": 1, "excluded_lines": 0}, "missing_lines": [5], "excluded_lines": []}}, "classes": {"": {"executed_lines": [], "summary": {"covered_lines": 0, "num_statements": 1, "percent_covered": 0.0, "percent_covered_display": "0", "missing_lines": 1, "excluded_lines": 0}, "missing_lines": [5], "excluded_lines": []}}}, "src/coreservice/config.py": {"executed_lines": [], "summary": {"covered_lines": 0, "num_statements": 6, "percent_covered": 0.0, "percent_covered_display": "0", "missing_lines": 6, "excluded_lines": 0}, "missing_lines": [5, 6, 8, 10, 12, 14], "excluded_lines": [], "functions": {"get_environment": {"executed_lines": [], "summary": {"covered_lines": 0, "num_statements": 1, "percent_covered": 0.0, "percent_covered_display": "0", "missing_lines": 1, "excluded_lines": 0}, "missing_lines": [10], "excluded_lines": []}, "get_config": {"executed_lines": [], "summary": {"covered_lines": 0, "num_statements": 1, "percent_covered": 0.0, "percent_covered_display": "0", "missing_lines": 1, "excluded_lines": 0}, "missing_lines": [14], "excluded_lines": []}, "": {"executed_lines": [], "summary": {"covered_lines": 0, "num_statements": 4, "percent_covered": 0.0, "percent_covered_display": "0", "missing_lines": 4, "excluded_lines": 0}, "missing_lines": [5, 6, 8, 12], "excluded_lines": []}}, "classes": {"": {"executed_lines": [], "summary": {"covered_lines": 0, "num_statements": 6, "percent_covered": 0.0, "percent_covered_display": "0", "missing_lines": 6, "excluded_lines": 0}, "missing_lines": [5, 6, 8, 10, 12, 14], "excluded_lines": []}}}, "src/coreservice/id_service.py": {"executed_lines": [], "summary": {"covered_lines": 0, "num_statements": 54, "percent_covered": 0.0, "percent_covered_display": "0", "missing_lines": 54, "excluded_lines": 0}, "missing_lines": [3, 5, 6, 7, 8, 9, 10, 12, 14, 15, 18, 20, 21, 22, 23, 24, 25, 28, 30, 33, 34, 37, 38, 39, 41, 42, 44, 45, 46, 48, 49, 51, 52, 53, 54, 61, 62, 63, 64, 71, 72, 74, 75, 78, 79, 82, 85, 86, 87, 88, 89, 92, 95, 96], "excluded_lines": [], "functions": {"_sanitize_fragment": {"executed_lines": [], "summary": {"covered_lines": 0, "num_statements": 6, "percent_covered": 0.0, "percent_covered_display": "0", "missing_lines": 6, "excluded_lines": 0}, "missing_lines": [20, 21, 22, 23, 24, 25], "excluded_lines": []}, "_random_token": {"executed_lines": [], "summary": {"covered_lines": 0, "num_statements": 1, "percent_covered": 0.0, "percent_covered_display": "0", "missing_lines": 1, "excluded_lines": 0}, "missing_lines": [30], "excluded_lines": []}, "IDService._current_date_component": {"executed_lines": [], "summary": {"covered_lines": 0, "num_statements": 1, "percent_covered": 0.0, "percent_covered_display": "0", "missing_lines": 1, "excluded_lines": 0}, "missing_lines": [42], "excluded_lines": []}, "IDService._build": {"executed_lines": [], "summary": {"covered_lines": 0, "num_statements": 2, "percent_covered": 0.0, "percent_covered_display": "0", "missing_lines": 2, "excluded_lines": 0}, "missing_lines": [45, 46], "excluded_lines": []}, "IDService.new_casefile_id": {"executed_lines": [], "summary": {"covered_lines": 0, "num_statements": 1, "percent_covered": 0.0, "percent_covered_display": "0", "missing_lines": 1, "excluded_lines": 0}, "missing_lines": [49], "excluded_lines": []}, "IDService.new_tool_session_id": {"executed_lines": [], "summary": {"covered_lines": 0, "num_statements": 3, "percent_covered": 0.0, "percent_covered_display": "0", "missing_lines": 3, "excluded_lines": 0}, "missing_lines": [52, 53, 54], "excluded_lines": []}, "IDService.new_chat_session_id": {"executed_lines": [], "summary": {"covered_lines": 0, "num_statements": 3, "percent_covered": 0.0, "percent_covered_display": "0", "missing_lines": 3, "excluded_lines": 0}, "missing_lines": [62, 63, 64], "excluded_lines": []}, "IDService.new_session_request_id": {"executed_lines": [], "summary": {"covered_lines": 0, "num_statements": 1, "percent_covered": 0.0, "percent_covered_display": "0", "missing_lines": 1, "excluded_lines": 0}, "missing_lines": [72], "excluded_lines": []}, "IDService.new_tool_event_id": {"executed_lines": [], "summary": {"covered_lines": 0, "num_statements": 1, "percent_covered": 0.0, "percent_covered_display": "0", "missing_lines": 1, "excluded_lines": 0}, "missing_lines": [75], "excluded_lines": []}, "get_id_service": {"executed_lines": [], "summary": {"covered_lines": 0, "num_statements": 5, "percent_covered": 0.0, "percent_covered_display": "0", "missing_lines": 5, "excluded_lines": 0}, "missing_lines": [85, 86, 87, 88, 89], "excluded_lines": []}, "set_id_service": {"executed_lines": [], "summary": {"covered_lines": 0, "num_statements": 2, "percent_covered": 0.0, "percent_covered_display": "0", "missing_lines": 2, "excluded_lines": 0}, "missing_lines": [95, 96], "excluded_lines": []}, "": {"executed_lines": [], "summary": {"covered_lines": 0, "num_statements": 28, "percent_covered": 0.0, "percent_covered_display": "0", "missing_lines": 28, "excluded_lines": 0}, "missing_lines": [3, 5, 6, 7, 8, 9, 10, 12, 14, 15, 18, 28, 33, 34, 37, 38, 39, 41, 44, 48, 51, 61, 71, 74, 78, 79, 82, 92], "excluded_lines": []}}, "classes": {"IDService": {"executed_lines": [], "summary": {"covered_lines": 0, "num_statements": 12, "percent_covered": 0.0, "percent_covered_display": "0", "missing_lines": 12, "excluded_lines": 0}, "missing_lines": [42, 45, 46, 49, 52, 53, 54, 62, 63, 64, 72, 75], "excluded_lines": []}, "": {"executed_lines": [], "summary": {"covered_lines": 0, "num_statements": 42, "percent_covered": 0.0, "percent_covered_display": "0", "missing_lines": 42, "excluded_lines": 0}, "missing_lines": [3, 5, 6, 7, 8, 9, 10, 12, 14, 15, 18, 20, 21, 22, 23, 24, 25, 28, 30, 33, 34, 37, 38, 39, 41, 44, 48, 51, 61, 71, 74, 78, 79, 82, 85, 86, 87, 88, 89, 92, 95, 96], "excluded_lines": []}}}, "src/pydantic_ai_integration/__init__.py": {"executed_lines": [], "summary": {"covered_lines": 0, "num_statements": 2, "percent_covered": 0.0, "percent_covered_display": "0", "missing_lines": 2, "excluded_lines": 0}, "missing_lines": [8, 12], "excluded_lines": [], "functions": {"": {"executed_lines": [], "summary": {"covered_lines": 0, "num_statements": 2, "percent_covered": 0.0, "percent_covered_display": "0", "missing_lines": 2, "excluded_lines": 0}, "missing_lines": [8, 12], "excluded_lines": []}}, "classes": {"": {"executed_lines": [], "summary": {"covered_lines": 0, "num_statements": 2, "percent_covered": 0.0, "percent_covered_display": "0", "missing_lines": 2, "excluded_lines": 0}, "missing_lines": [8, 12], "excluded_lines": []}}}, "src/pydantic_ai_integration/agents/__init__.py": {"executed_lines": [], "summary": {"covered_lines": 0, "num_statements": 1, "percent_covered": 0.0, "percent_covered_display": "0", "missing_lines": 1, "excluded_lines": 0}, "missing_lines": [5], "excluded_lines": [], "functions": {"": {"executed_lines": [], "summary": {"covered_lines": 0, "num_statements": 1, "percent_covered": 0.0, "percent_covered_display": "0", "missing_lines": 1, "excluded_lines": 0}, "missing_lines": [5], "excluded_lines": []}}, "classes": {"": {"executed_lines": [], "summary": {"covered_lines": 0, "num_statements": 1, "percent_covered": 0.0, "percent_covered_display": "0", "missing_lines": 1, "excluded_lines": 0}, "missing_lines": [5], "excluded_lines": []}}}, "src/pydantic_ai_integration/agents/base.py": {"executed_lines": [], "summary": {"covered_lines": 0, "num_statements": 105, "percent_covered": 0.0, "percent_covered_display": "0", "missing_lines": 105, "excluded_lines": 0}, "missing_lines": [5, 6, 7, 8, 12, 15, 16, 17, 18, 20, 26, 27, 28, 29, 30, 32, 33, 36, 37, 38, 41, 42, 43, 44, 45, 46, 47, 48, 50, 53, 54, 57, 58, 61, 62, 63, 64, 66, 67, 70, 72, 74, 75, 76, 77, 78, 80, 82, 84, 87, 89, 90, 91, 92, 95, 96, 101, 103, 104, 106, 108, 110, 113, 114, 117, 119, 121, 122, 124, 127, 128, 131, 132, 133, 136, 137, 140, 151, 153, 155, 158, 159, 160, 161, 162, 165, 166, 167, 168, 169, 172, 173, 174, 175, 176, 178, 179, 182, 185, 186, 187, 188, 189, 190, 191], "excluded_lines": [], "functions": {"Agent.__init__": {"executed_lines": [], "summary": {"covered_lines": 0, "num_statements": 3, "percent_covered": 0.0, "percent_covered_display": "0", "missing_lines": 3, "excluded_lines": 0}, "missing_lines": [16, 17, 18], "excluded_lines": []}, "Agent.run": {"executed_lines": [], "summary": {"covered_lines": 0, "num_statements": 46, "percent_covered": 0.0, "percent_covered_display": "0", "missing_lines": 46, "excluded_lines": 0}, "missing_lines": [26, 27, 28, 29, 30, 32, 33, 36, 37, 38, 41, 42, 43, 44, 45, 46, 47, 48, 50, 53, 54, 57, 58, 61, 62, 63, 64, 66, 67, 70, 72, 74, 75, 76, 77, 78, 80, 82, 84, 87, 89, 90, 91, 92, 95, 96], "excluded_lines": []}, "Agent.tool": {"executed_lines": [], "summary": {"covered_lines": 0, "num_statements": 2, "percent_covered": 0.0, "percent_covered_display": "0", "missing_lines": 2, "excluded_lines": 0}, "missing_lines": [103, 104], "excluded_lines": []}, "Agent.get_available_tools": {"executed_lines": [], "summary": {"covered_lines": 0, "num_statements": 1, "percent_covered": 0.0, "percent_covered_display": "0", "missing_lines": 1, "excluded_lines": 0}, "missing_lines": [108], "excluded_lines": []}, "AgentResult.__init__": {"executed_lines": [], "summary": {"covered_lines": 0, "num_statements": 1, "percent_covered": 0.0, "percent_covered_display": "0", "missing_lines": 1, "excluded_lines": 0}, "missing_lines": [114], "excluded_lines": []}, "register_agent": {"executed_lines": [], "summary": {"covered_lines": 0, "num_statements": 2, "percent_covered": 0.0, "percent_covered_display": "0", "missing_lines": 2, "excluded_lines": 0}, "missing_lines": [121, 122], "excluded_lines": []}, "get_agent_for_toolset": {"executed_lines": [], "summary": {"covered_lines": 0, "num_statements": 7, "percent_covered": 0.0, "percent_covered_display": "0", "missing_lines": 7, "excluded_lines": 0}, "missing_lines": [127, 128, 131, 132, 133, 136, 137], "excluded_lines": []}, "import_tools": {"executed_lines": [], "summary": {"covered_lines": 0, "num_statements": 19, "percent_covered": 0.0, "percent_covered_display": "0", "missing_lines": 19, "excluded_lines": 0}, "missing_lines": [153, 155, 158, 159, 160, 161, 162, 165, 166, 167, 168, 169, 172, 173, 174, 175, 176, 178, 179], "excluded_lines": []}, "": {"executed_lines": [], "summary": {"covered_lines": 0, "num_statements": 24, "percent_covered": 0.0, "percent_covered_display": "0", "missing_lines": 24, "excluded_lines": 0}, "missing_lines": [5, 6, 7, 8, 12, 15, 20, 101, 106, 110, 113, 117, 119, 124, 140, 151, 182, 185, 186, 187, 188, 189, 190, 191], "excluded_lines": []}}, "classes": {"Agent": {"executed_lines": [], "summary": {"covered_lines": 0, "num_statements": 52, "percent_covered": 0.0, "percent_covered_display": "0", "missing_lines": 52, "excluded_lines": 0}, "missing_lines": [16, 17, 18, 26, 27, 28, 29, 30, 32, 33, 36, 37, 38, 41, 42, 43, 44, 45, 46, 47, 48, 50, 53, 54, 57, 58, 61, 62, 63, 64, 66, 67, 70, 72, 74, 75, 76, 77, 78, 80, 82, 84, 87, 89, 90, 91, 92, 95, 96, 103, 104, 108], "excluded_lines": []}, "AgentResult": {"executed_lines": [], "summary": {"covered_lines": 0, "num_statements": 1, "percent_covered": 0.0, "percent_covered_display": "0", "missing_lines": 1, "excluded_lines": 0}, "missing_lines": [114], "excluded_lines": []}, "": {"executed_lines": [], "summary": {"covered_lines": 0, "num_statements": 52, "percent_covered": 0.0, "percent_covered_display": "0", "missing_lines": 52, "excluded_lines": 0}, "missing_lines": [5, 6, 7, 8, 12, 15, 20, 101, 106, 110, 113, 117, 119, 121, 122, 124, 127, 128, 131, 132, 133, 136, 137, 140, 151, 153, 155, 158, 159, 160, 161, 162, 165, 166, 167, 168, 169, 172, 173, 174, 175, 176, 178, 179, 182, 185, 186, 187, 188, 189, 190, 191], "excluded_lines": []}}}, "src/pydantic_ai_integration/dependencies.py": {"executed_lines": [], "summary": {"covered_lines": 0, "num_statements": 245, "percent_covered": 0.0, "percent_covered_display": "0", "missing_lines": 245, "excluded_lines": 0}, "missing_lines": [5, 6, 7, 8, 9, 10, 11, 13, 15, 16, 18, 20, 21, 22, 24, 25, 26, 27, 28, 29, 30, 32, 36, 37, 38, 41, 42, 45, 46, 49, 50, 51, 54, 55, 58, 59, 62, 65, 66, 69, 70, 71, 73, 74, 76, 77, 78, 79, 82, 88, 92, 98, 103, 105, 107, 108, 110, 111, 112, 113, 114, 115, 116, 118, 119, 121, 124, 125, 126, 127, 129, 131, 138, 139, 140, 142, 148, 149, 150, 152, 154, 157, 160, 161, 162, 163, 164, 165, 167, 177, 180, 181, 182, 184, 185, 187, 188, 207, 208, 210, 213, 214, 215, 218, 219, 220, 221, 224, 225, 232, 233, 235, 237, 240, 250, 253, 254, 255, 256, 263, 274, 277, 278, 279, 285, 287, 288, 297, 299, 300, 303, 304, 306, 307, 319, 322, 329, 337, 340, 341, 349, 351, 352, 362, 363, 365, 366, 369, 370, 372, 373, 375, 389, 390, 393, 394, 400, 403, 405, 408, 409, 413, 414, 418, 419, 420, 422, 427, 429, 430, 440, 441, 443, 444, 447, 448, 450, 451, 453, 454, 461, 462, 464, 474, 476, 477, 486, 487, 490, 491, 492, 495, 497, 498, 509, 510, 511, 513, 514, 515, 518, 526, 527, 528, 529, 530, 531, 534, 535, 537, 548, 549, 552, 554, 555, 556, 559, 562, 563, 574, 576, 583, 586, 592, 594, 595, 604, 606, 615, 616, 617, 618, 619, 620, 621, 622, 624, 625, 634, 635, 636, 637, 638, 639, 640], "excluded_lines": [], "functions": {"with_persistence": {"executed_lines": [], "summary": {"covered_lines": 0, "num_statements": 3, "percent_covered": 0.0, "percent_covered_display": "0", "missing_lines": 3, "excluded_lines": 0}, "missing_lines": [20, 21, 30], "excluded_lines": []}, "with_persistence.wrapper": {"executed_lines": [], "summary": {"covered_lines": 0, "num_statements": 7, "percent_covered": 0.0, "percent_covered_display": "0", "missing_lines": 7, "excluded_lines": 0}, "missing_lines": [22, 24, 25, 26, 27, 28, 29], "excluded_lines": []}, "MDSContext.ensure_serializable": {"executed_lines": [], "summary": {"covered_lines": 0, "num_statements": 9, "percent_covered": 0.0, "percent_covered_display": "0", "missing_lines": 9, "excluded_lines": 0}, "missing_lines": [76, 77, 78, 79, 82, 88, 92, 98, 103], "excluded_lines": []}, "MDSContext._ensure_serializable_dict": {"executed_lines": [], "summary": {"covered_lines": 0, "num_statements": 17, "percent_covered": 0.0, "percent_covered_display": "0", "missing_lines": 17, "excluded_lines": 0}, "missing_lines": [107, 108, 110, 111, 112, 113, 114, 115, 116, 118, 119, 121, 124, 125, 126, 127, 129], "excluded_lines": []}, "MDSContext.set_persistence_handler": {"executed_lines": [], "summary": {"covered_lines": 0, "num_statements": 3, "percent_covered": 0.0, "percent_covered_display": "0", "missing_lines": 3, "excluded_lines": 0}, "missing_lines": [138, 139, 140], "excluded_lines": []}, "MDSContext.persist": {"executed_lines": [], "summary": {"covered_lines": 0, "num_statements": 12, "percent_covered": 0.0, "percent_covered_display": "0", "missing_lines": 12, "excluded_lines": 0}, "missing_lines": [148, 149, 150, 152, 154, 157, 160, 161, 162, 163, 164, 165], "excluded_lines": []}, "MDSContext.from_persisted_state": {"executed_lines": [], "summary": {"covered_lines": 0, "num_statements": 6, "percent_covered": 0.0, "percent_covered_display": "0", "missing_lines": 6, "excluded_lines": 0}, "missing_lines": [177, 180, 181, 182, 184, 185], "excluded_lines": []}, "MDSContext.register_event": {"executed_lines": [], "summary": {"covered_lines": 0, "num_statements": 28, "percent_covered": 0.0, "percent_covered_display": "0", "missing_lines": 28, "excluded_lines": 0}, "missing_lines": [207, 208, 210, 213, 214, 215, 218, 219, 220, 221, 224, 225, 232, 233, 235, 237, 240, 250, 253, 254, 255, 256, 263, 274, 277, 278, 279, 285], "excluded_lines": []}, "MDSContext.create_session_request": {"executed_lines": [], "summary": {"covered_lines": 0, "num_statements": 5, "percent_covered": 0.0, "percent_covered_display": "0", "missing_lines": 5, "excluded_lines": 0}, "missing_lines": [297, 299, 300, 303, 304], "excluded_lines": []}, "MDSContext.plan_tool_chain": {"executed_lines": [], "summary": {"covered_lines": 0, "num_statements": 7, "percent_covered": 0.0, "percent_covered_display": "0", "missing_lines": 7, "excluded_lines": 0}, "missing_lines": [319, 322, 329, 337, 340, 341, 349], "excluded_lines": []}, "MDSContext.add_conversation_message": {"executed_lines": [], "summary": {"covered_lines": 0, "num_statements": 8, "percent_covered": 0.0, "percent_covered_display": "0", "missing_lines": 8, "excluded_lines": 0}, "missing_lines": [362, 363, 365, 366, 369, 370, 372, 373], "excluded_lines": []}, "MDSContext.get_relevant_history": {"executed_lines": [], "summary": {"covered_lines": 0, "num_statements": 16, "percent_covered": 0.0, "percent_covered_display": "0", "missing_lines": 16, "excluded_lines": 0}, "missing_lines": [389, 390, 393, 394, 400, 403, 405, 408, 409, 413, 414, 418, 419, 420, 422, 427], "excluded_lines": []}, "MDSContext.link_related_document": {"executed_lines": [], "summary": {"covered_lines": 0, "num_statements": 8, "percent_covered": 0.0, "percent_covered_display": "0", "missing_lines": 8, "excluded_lines": 0}, "missing_lines": [440, 441, 443, 444, 447, 448, 450, 451], "excluded_lines": []}, "MDSContext.store_persistent_state": {"executed_lines": [], "summary": {"covered_lines": 0, "num_statements": 2, "percent_covered": 0.0, "percent_covered_display": "0", "missing_lines": 2, "excluded_lines": 0}, "missing_lines": [461, 462], "excluded_lines": []}, "MDSContext.get_persistent_state": {"executed_lines": [], "summary": {"covered_lines": 0, "num_statements": 1, "percent_covered": 0.0, "percent_covered_display": "0", "missing_lines": 1, "excluded_lines": 0}, "missing_lines": [474], "excluded_lines": []}, "MDSContext.add_to_knowledge_graph": {"executed_lines": [], "summary": {"covered_lines": 0, "num_statements": 6, "percent_covered": 0.0, "percent_covered_display": "0", "missing_lines": 6, "excluded_lines": 0}, "missing_lines": [486, 487, 490, 491, 492, 495], "excluded_lines": []}, "MDSContext.complete_chain": {"executed_lines": [], "summary": {"covered_lines": 0, "num_statements": 15, "percent_covered": 0.0, "percent_covered_display": "0", "missing_lines": 15, "excluded_lines": 0}, "missing_lines": [509, 510, 511, 513, 514, 515, 518, 526, 527, 528, 529, 530, 531, 534, 535], "excluded_lines": []}, "MDSContext.get_chain_status": {"executed_lines": [], "summary": {"covered_lines": 0, "num_statements": 10, "percent_covered": 0.0, "percent_covered_display": "0", "missing_lines": 10, "excluded_lines": 0}, "missing_lines": [548, 549, 552, 554, 555, 556, 559, 562, 563, 574], "excluded_lines": []}, "MDSContext.to_dict": {"executed_lines": [], "summary": {"covered_lines": 0, "num_statements": 3, "percent_covered": 0.0, "percent_covered_display": "0", "missing_lines": 3, "excluded_lines": 0}, "missing_lines": [583, 586, 592], "excluded_lines": []}, "MDSContext.from_dict": {"executed_lines": [], "summary": {"covered_lines": 0, "num_statements": 1, "percent_covered": 0.0, "percent_covered_display": "0", "missing_lines": 1, "excluded_lines": 0}, "missing_lines": [604], "excluded_lines": []}, "MDSContext.export_to_json": {"executed_lines": [], "summary": {"covered_lines": 0, "num_statements": 8, "percent_covered": 0.0, "percent_covered_display": "0", "missing_lines": 8, "excluded_lines": 0}, "missing_lines": [615, 616, 617, 618, 619, 620, 621, 622], "excluded_lines": []}, "MDSContext.import_from_json": {"executed_lines": [], "summary": {"covered_lines": 0, "num_statements": 7, "percent_covered": 0.0, "percent_covered_display": "0", "missing_lines": 7, "excluded_lines": 0}, "missing_lines": [634, 635, 636, 637, 638, 639, 640], "excluded_lines": []}, "": {"executed_lines": [], "summary": {"covered_lines": 0, "num_statements": 63, "percent_covered": 0.0, "percent_covered_display": "0", "missing_lines": 63, "excluded_lines": 0}, "missing_lines": [5, 6, 7, 8, 9, 10, 11, 13, 15, 16, 18, 32, 36, 37, 38, 41, 42, 45, 46, 49, 50, 51, 54, 55, 58, 59, 62, 65, 66, 69, 70, 71, 73, 74, 105, 131, 142, 167, 187, 188, 287, 288, 306, 307, 351, 352, 375, 429, 430, 453, 454, 464, 476, 477, 497, 498, 537, 576, 594, 595, 606, 624, 625], "excluded_lines": []}}, "classes": {"MDSContext": {"executed_lines": [], "summary": {"covered_lines": 0, "num_statements": 172, "percent_covered": 0.0, "percent_covered_display": "0", "missing_lines": 172, "excluded_lines": 0}, "missing_lines": [76, 77, 78, 79, 82, 88, 92, 98, 103, 107, 108, 110, 111, 112, 113, 114, 115, 116, 118, 119, 121, 124, 125, 126, 127, 129, 138, 139, 140, 148, 149, 150, 152, 154, 157, 160, 161, 162, 163, 164, 165, 177, 180, 181, 182, 184, 185, 207, 208, 210, 213, 214, 215, 218, 219, 220, 221, 224, 225, 232, 233, 235, 237, 240, 250, 253, 254, 255, 256, 263, 274, 277, 278, 279, 285, 297, 299, 300, 303, 304, 319, 322, 329, 337, 340, 341, 349, 362, 363, 365, 366, 369, 370, 372, 373, 389, 390, 393, 394, 400, 403, 405, 408, 409, 413, 414, 418, 419, 420, 422, 427, 440, 441, 443, 444, 447, 448, 450, 451, 461, 462, 474, 486, 487, 490, 491, 492, 495, 509, 510, 511, 513, 514, 515, 518, 526, 527, 528, 529, 530, 531, 534, 535, 548, 549, 552, 554, 555, 556, 559, 562, 563, 574, 583, 586, 592, 604, 615, 616, 617, 618, 619, 620, 621, 622, 634, 635, 636, 637, 638, 639, 640], "excluded_lines": []}, "": {"executed_lines": [], "summary": {"covered_lines": 0, "num_statements": 73, "percent_covered": 0.0, "percent_covered_display": "0", "missing_lines": 73, "excluded_lines": 0}, "missing_lines": [5, 6, 7, 8, 9, 10, 11, 13, 15, 16, 18, 20, 21, 22, 24, 25, 26, 27, 28, 29, 30, 32, 36, 37, 38, 41, 42, 45, 46, 49, 50, 51, 54, 55, 58, 59, 62, 65, 66, 69, 70, 71, 73, 74, 105, 131, 142, 167, 187, 188, 287, 288, 306, 307, 351, 352, 375, 429, 430, 453, 454, 464, 476, 477, 497, 498, 537, 576, 594, 595, 606, 624, 625], "excluded_lines": []}}}, "src/pydantic_ai_integration/tool_decorator.py": {"executed_lines": [], "summary": {"covered_lines": 0, "num_statements": 80, "percent_covered": 0.0, "percent_covered_display": "0", "missing_lines": 80, "excluded_lines": 1}, "missing_lines": [33, 34, 35, 36, 39, 47, 52, 55, 130, 135, 138, 149, 158, 167, 168, 174, 175, 187, 189, 193, 195, 197, 198, 206, 207, 209, 213, 215, 218, 239, 242, 244, 246, 249, 250, 251, 252, 253, 254, 255, 256, 257, 258, 259, 260, 261, 264, 273, 275, 278, 291, 293, 294, 295, 296, 297, 298, 299, 300, 301, 302, 304, 309, 316, 319, 328, 331, 343, 346, 361, 364, 377, 382, 383, 385, 388, 400, 401, 402, 404], "excluded_lines": [70], "functions": {"register_mds_tool": {"executed_lines": [], "summary": {"covered_lines": 0, "num_statements": 2, "percent_covered": 0.0, "percent_covered_display": "0", "missing_lines": 2, "excluded_lines": 1}, "missing_lines": [130, 215], "excluded_lines": [70]}, "register_mds_tool.decorator": {"executed_lines": [], "summary": {"covered_lines": 0, "num_statements": 12, "percent_covered": 0.0, "percent_covered_display": "0", "missing_lines": 12, "excluded_lines": 0}, "missing_lines": [135, 138, 149, 158, 167, 168, 174, 175, 206, 207, 209, 213], "excluded_lines": []}, "register_mds_tool.decorator.validated_wrapper": {"executed_lines": [], "summary": {"covered_lines": 0, "num_statements": 6, "percent_covered": 0.0, "percent_covered_display": "0", "missing_lines": 6, "excluded_lines": 0}, "missing_lines": [187, 189, 193, 195, 197, 198], "excluded_lines": []}, "_extract_parameter_definitions": {"executed_lines": [], "summary": {"covered_lines": 0, "num_statements": 20, "percent_covered": 0.0, "percent_covered_display": "0", "missing_lines": 20, "excluded_lines": 0}, "missing_lines": [239, 242, 244, 246, 249, 250, 251, 252, 253, 254, 255, 256, 257, 258, 259, 260, 261, 264, 273, 275], "excluded_lines": []}, "_python_type_to_parameter_type": {"executed_lines": [], "summary": {"covered_lines": 0, "num_statements": 12, "percent_covered": 0.0, "percent_covered_display": "0", "missing_lines": 12, "excluded_lines": 0}, "missing_lines": [291, 293, 294, 295, 296, 297, 298, 299, 300, 301, 302, 304], "excluded_lines": []}, "get_registered_tools": {"executed_lines": [], "summary": {"covered_lines": 0, "num_statements": 1, "percent_covered": 0.0, "percent_covered_display": "0", "missing_lines": 1, "excluded_lines": 0}, "missing_lines": [316], "excluded_lines": []}, "get_tool_names": {"executed_lines": [], "summary": {"covered_lines": 0, "num_statements": 1, "percent_covered": 0.0, "percent_covered_display": "0", "missing_lines": 1, "excluded_lines": 0}, "missing_lines": [328], "excluded_lines": []}, "validate_tool_exists": {"executed_lines": [], "summary": {"covered_lines": 0, "num_statements": 1, "percent_covered": 0.0, "percent_covered_display": "0", "missing_lines": 1, "excluded_lines": 0}, "missing_lines": [343], "excluded_lines": []}, "get_tool_definition": {"executed_lines": [], "summary": {"covered_lines": 0, "num_statements": 1, "percent_covered": 0.0, "percent_covered_display": "0", "missing_lines": 1, "excluded_lines": 0}, "missing_lines": [361], "excluded_lines": []}, "list_tools_by_category": {"executed_lines": [], "summary": {"covered_lines": 0, "num_statements": 4, "percent_covered": 0.0, "percent_covered_display": "0", "missing_lines": 4, "excluded_lines": 0}, "missing_lines": [377, 382, 383, 385], "excluded_lines": []}, "get_tool_schema": {"executed_lines": [], "summary": {"covered_lines": 0, "num_statements": 4, "percent_covered": 0.0, "percent_covered_display": "0", "missing_lines": 4, "excluded_lines": 0}, "missing_lines": [400, 401, 402, 404], "excluded_lines": []}, "": {"executed_lines": [], "summary": {"covered_lines": 0, "num_statements": 16, "percent_covered": 0.0, "percent_covered_display": "0", "missing_lines": 16, "excluded_lines": 0}, "missing_lines": [33, 34, 35, 36, 39, 47, 52, 55, 218, 278, 309, 319, 331, 346, 364, 388], "excluded_lines": []}}, "classes": {"": {"executed_lines": [], "summary": {"covered_lines": 0, "num_statements": 80, "percent_covered": 0.0, "percent_covered_display": "0", "missing_lines": 80, "excluded_lines": 1}, "missing_lines": [33, 34, 35, 36, 39, 47, 52, 55, 130, 135, 138, 149, 158, 167, 168, 174, 175, 187, 189, 193, 195, 197, 198, 206, 207, 209, 213, 215, 218, 239, 242, 244, 246, 249, 250, 251, 252, 253, 254, 255, 256, 257, 258, 259, 260, 261, 264, 273, 275, 278, 291, 293, 294, 295, 296, 297, 298, 299, 300, 301, 302, 304, 309, 316, 319, 328, 331, 343, 346, 361, 364, 377, 382, 383, 385, 388, 400, 401, 402, 404], "excluded_lines": [70]}}}, "src/pydantic_ai_integration/tools/__init__.py": {"executed_lines": [], "summary": {"covered_lines": 0, "num_statements": 2, "percent_covered": 0.0, "percent_covered_display": "0", "missing_lines": 2, "excluded_lines": 0}, "missing_lines": [8, 11], "excluded_lines": [], "functions": {"": {"executed_lines": [], "summary": {"covered_lines": 0, "num_statements": 2, "percent_covered": 0.0, "percent_covered_display": "0", "missing_lines": 2, "excluded_lines": 0}, "missing_lines": [8, 11], "excluded_lines": []}}, "classes": {"": {"executed_lines": [], "summary": {"covered_lines": 0, "num_statements": 2, "percent_covered": 0.0, "percent_covered_display": "0", "missing_lines": 2, "excluded_lines": 0}, "missing_lines": [8, 11], "excluded_lines": []}}}, "src/pydantic_ai_integration/tools/agent_aware_tools.py": {"executed_lines": [], "summary": {"covered_lines": 0, "num_statements": 36, "percent_covered": 0.0, "percent_covered_display": "0", "missing_lines": 36, "excluded_lines": 0}, "missing_lines": [5, 6, 8, 9, 11, 12, 24, 27, 31, 32, 35, 42, 49, 52, 59, 60, 61, 64, 65, 66, 69, 70, 71, 73, 75, 76, 87, 90, 96, 97, 105, 106, 112, 113, 119, 127], "excluded_lines": [], "functions": {"chain_aware_tool": {"executed_lines": [], "summary": {"covered_lines": 0, "num_statements": 18, "percent_covered": 0.0, "percent_covered_display": "0", "missing_lines": 18, "excluded_lines": 0}, "missing_lines": [24, 27, 31, 32, 35, 42, 49, 52, 59, 60, 61, 64, 65, 66, 69, 70, 71, 73], "excluded_lines": []}, "context_enrichment_tool": {"executed_lines": [], "summary": {"covered_lines": 0, "num_statements": 10, "percent_covered": 0.0, "percent_covered_display": "0", "missing_lines": 10, "excluded_lines": 0}, "missing_lines": [87, 90, 96, 97, 105, 106, 112, 113, 119, 127], "excluded_lines": []}, "": {"executed_lines": [], "summary": {"covered_lines": 0, "num_statements": 8, "percent_covered": 0.0, "percent_covered_display": "0", "missing_lines": 8, "excluded_lines": 0}, "missing_lines": [5, 6, 8, 9, 11, 12, 75, 76], "excluded_lines": []}}, "classes": {"": {"executed_lines": [], "summary": {"covered_lines": 0, "num_statements": 36, "percent_covered": 0.0, "percent_covered_display": "0", "missing_lines": 36, "excluded_lines": 0}, "missing_lines": [5, 6, 8, 9, 11, 12, 24, 27, 31, 32, 35, 42, 49, 52, 59, 60, 61, 64, 65, 66, 69, 70, 71, 73, 75, 76, 87, 90, 96, 97, 105, 106, 112, 113, 119, 127], "excluded_lines": []}}}, "src/pydantic_ai_integration/tools/example_tools.py": {"executed_lines": [], "summary": {"covered_lines": 0, "num_statements": 15, "percent_covered": 0.0, "percent_covered_display": "0", "missing_lines": 15, "excluded_lines": 0}, "missing_lines": [5, 6, 8, 9, 11, 12, 23, 26, 32, 34, 39, 40, 51, 54, 59], "excluded_lines": [], "functions": {"hello_world": {"executed_lines": [], "summary": {"covered_lines": 0, "num_statements": 4, "percent_covered": 0.0, "percent_covered_display": "0", "missing_lines": 4, "excluded_lines": 0}, "missing_lines": [23, 26, 32, 34], "excluded_lines": []}, "echo_data": {"executed_lines": [], "summary": {"covered_lines": 0, "num_statements": 3, "percent_covered": 0.0, "percent_covered_display": "0", "missing_lines": 3, "excluded_lines": 0}, "missing_lines": [51, 54, 59], "excluded_lines": []}, "": {"executed_lines": [], "summary": {"covered_lines": 0, "num_statements": 8, "percent_covered": 0.0, "percent_covered_display": "0", "missing_lines": 8, "excluded_lines": 0}, "missing_lines": [5, 6, 8, 9, 11, 12, 39, 40], "excluded_lines": []}}, "classes": {"": {"executed_lines": [], "summary": {"covered_lines": 0, "num_statements": 15, "percent_covered": 0.0, "percent_covered_display": "0", "missing_lines": 15, "excluded_lines": 0}, "missing_lines": [5, 6, 8, 9, 11, 12, 23, 26, 32, 34, 39, 40, 51, 54, 59], "excluded_lines": []}}}, "src/pydantic_ai_integration/tools/tool_params.py": {"executed_lines": [], "summary": {"covered_lines": 0, "num_statements": 16, "percent_covered": 0.0, "percent_covered_display": "0", "missing_lines": 16, "excluded_lines": 0}, "missing_lines": [23, 24, 27, 39, 47, 48, 55, 68, 75, 83, 84, 92, 105, 113, 122, 123], "excluded_lines": [], "functions": {"": {"executed_lines": [], "summary": {"covered_lines": 0, "num_statements": 16, "percent_covered": 0.0, "percent_covered_display": "0", "missing_lines": 16, "excluded_lines": 0}, "missing_lines": [23, 24, 27, 39, 47, 48, 55, 68, 75, 83, 84, 92, 105, 113, 122, 123], "excluded_lines": []}}, "classes": {"ExampleToolParams": {"executed_lines": [], "summary": {"covered_lines": 0, "num_statements": 0, "percent_covered": 100.0, "percent_covered_display": "100", "missing_lines": 0, "excluded_lines": 0}, "missing_lines": [], "excluded_lines": []}, "ExampleToolParams.Config": {"executed_lines": [], "summary": {"covered_lines": 0, "num_statements": 0, "percent_covered": 100.0, "percent_covered_display": "100", "missing_lines": 0, "excluded_lines": 0}, "missing_lines": [], "excluded_lines": []}, "AnotherExampleToolParams": {"executed_lines": [], "summary": {"covered_lines": 0, "num_statements": 0, "percent_covered": 100.0, "percent_covered_display": "100", "missing_lines": 0, "excluded_lines": 0}, "missing_lines": [], "excluded_lines": []}, "AnotherExampleToolParams.Config": {"executed_lines": [], "summary": {"covered_lines": 0, "num_statements": 0, "percent_covered": 100.0, "percent_covered_display": "100", "missing_lines": 0, "excluded_lines": 0}, "missing_lines": [], "excluded_lines": []}, "AdvancedToolParams": {"executed_lines": [], "summary": {"covered_lines": 0, "num_statements": 0, "percent_covered": 100.0, "percent_covered_display": "100", "missing_lines": 0, "excluded_lines": 0}, "missing_lines": [], "excluded_lines": []}, "AdvancedToolParams.Config": {"executed_lines": [], "summary": {"covered_lines": 0, "num_statements": 0, "percent_covered": 100.0, "percent_covered_display": "100", "missing_lines": 0, "excluded_lines": 0}, "missing_lines": [], "excluded_lines": []}, "": {"executed_lines": [], "summary": {"covered_lines": 0, "num_statements": 16, "percent_covered": 0.0, "percent_covered_display": "0", "missing_lines": 16, "excluded_lines": 0}, "missing_lines": [23, 24, 27, 39, 47, 48, 55, 68, 75, 83, 84, 92, 105, 113, 122, 123], "excluded_lines": []}}}, "src/pydantic_ai_integration/tools/unified_example_tools.py": {"executed_lines": [], "summary": {"covered_lines": 0, "num_statements": 68, "percent_covered": 0.0, "percent_covered_display": "0", "missing_lines": 68, "excluded_lines": 0}, "missing_lines": [21, 22, 23, 25, 26, 33, 48, 55, 65, 70, 78, 88, 92, 102, 120, 144, 150, 153, 154, 156, 166, 167, 168, 169, 170, 173, 174, 175, 177, 180, 198, 215, 221, 224, 226, 234, 235, 236, 237, 238, 241, 242, 243, 245, 248, 266, 292, 298, 299, 300, 303, 306, 307, 311, 312, 317, 320, 328, 329, 336, 337, 338, 343, 344, 347, 348, 349, 351], "excluded_lines": [], "functions": {"example_tool": {"executed_lines": [], "summary": {"covered_lines": 0, "num_statements": 14, "percent_covered": 0.0, "percent_covered_display": "0", "missing_lines": 14, "excluded_lines": 0}, "missing_lines": [144, 150, 153, 154, 156, 166, 167, 168, 169, 170, 173, 174, 175, 177], "excluded_lines": []}, "another_example_tool": {"executed_lines": [], "summary": {"covered_lines": 0, "num_statements": 13, "percent_covered": 0.0, "percent_covered_display": "0", "missing_lines": 13, "excluded_lines": 0}, "missing_lines": [215, 221, 224, 226, 234, 235, 236, 237, 238, 241, 242, 243, 245], "excluded_lines": []}, "advanced_tool": {"executed_lines": [], "summary": {"covered_lines": 0, "num_statements": 22, "percent_covered": 0.0, "percent_covered_display": "0", "missing_lines": 22, "excluded_lines": 0}, "missing_lines": [292, 298, 299, 300, 303, 306, 307, 311, 312, 317, 320, 328, 329, 336, 337, 338, 343, 344, 347, 348, 349, 351], "excluded_lines": []}, "": {"executed_lines": [], "summary": {"covered_lines": 0, "num_statements": 19, "percent_covered": 0.0, "percent_covered_display": "0", "missing_lines": 19, "excluded_lines": 0}, "missing_lines": [21, 22, 23, 25, 26, 33, 48, 55, 65, 70, 78, 88, 92, 102, 120, 180, 198, 248, 266], "excluded_lines": []}}, "classes": {"ExampleToolParams": {"executed_lines": [], "summary": {"covered_lines": 0, "num_statements": 0, "percent_covered": 100.0, "percent_covered_display": "100", "missing_lines": 0, "excluded_lines": 0}, "missing_lines": [], "excluded_lines": []}, "AnotherExampleToolParams": {"executed_lines": [], "summary": {"covered_lines": 0, "num_statements": 0, "percent_covered": 100.0, "percent_covered_display": "100", "missing_lines": 0, "excluded_lines": 0}, "missing_lines": [], "excluded_lines": []}, "AdvancedToolParams": {"executed_lines": [], "summary": {"covered_lines": 0, "num_statements": 0, "percent_covered": 100.0, "percent_covered_display": "100", "missing_lines": 0, "excluded_lines": 0}, "missing_lines": [], "excluded_lines": []}, "": {"executed_lines": [], "summary": {"covered_lines": 0, "num_statements": 68, "percent_covered": 0.0, "percent_covered_display": "0", "missing_lines": 68, "excluded_lines": 0}, "missing_lines": [21, 22, 23, 25, 26, 33, 48, 55, 65, 70, 78, 88, 92, 102, 120, 144, 150, 153, 154, 156, 166, 167, 168, 169, 170, 173, 174, 175, 177, 180, 198, 215, 221, 224, 226, 234, 235, 236, 237, 238, 241, 242, 243, 245, 248, 266, 292, 298, 299, 300, 303, 306, 307, 311, 312, 317, 320, 328, 329, 336, 337, 338, 343, 344, 347, 348, 349, 351], "excluded_lines": []}}}, "src/pydantic_api/__init__.py": {"executed_lines": [], "summary": {"covered_lines": 0, "num_statements": 1, "percent_covered": 0.0, "percent_covered_display": "0", "missing_lines": 1, "excluded_lines": 0}, "missing_lines": [5], "excluded_lines": [], "functions": {"": {"executed_lines": [], "summary": {"covered_lines": 0, "num_statements": 1, "percent_covered": 0.0, "percent_covered_display": "0", "missing_lines": 1, "excluded_lines": 0}, "missing_lines": [5], "excluded_lines": []}}, "classes": {"": {"executed_lines": [], "summary": {"covered_lines": 0, "num_statements": 1, "percent_covered": 0.0, "percent_covered_display": "0", "missing_lines": 1, "excluded_lines": 0}, "missing_lines": [5], "excluded_lines": []}}}, "src/pydantic_api/app.py": {"executed_lines": [], "summary": {"covered_lines": 0, "num_statements": 24, "percent_covered": 0.0, "percent_covered_display": "0", "missing_lines": 24, "excluded_lines": 0}, "missing_lines": [5, 6, 7, 9, 10, 11, 14, 15, 16, 17, 18, 20, 22, 29, 38, 39, 40, 43, 44, 47, 48, 49, 55, 58], "excluded_lines": [], "functions": {"create_app": {"executed_lines": [], "summary": {"covered_lines": 0, "num_statements": 10, "percent_covered": 0.0, "percent_covered_display": "0", "missing_lines": 10, "excluded_lines": 0}, "missing_lines": [22, 29, 38, 39, 40, 43, 44, 47, 48, 55], "excluded_lines": []}, "create_app.health_check": {"executed_lines": [], "summary": {"covered_lines": 0, "num_statements": 1, "percent_covered": 0.0, "percent_covered_display": "0", "missing_lines": 1, "excluded_lines": 0}, "missing_lines": [49], "excluded_lines": []}, "": {"executed_lines": [], "summary": {"covered_lines": 0, "num_statements": 13, "percent_covered": 0.0, "percent_covered_display": "0", "missing_lines": 13, "excluded_lines": 0}, "missing_lines": [5, 6, 7, 9, 10, 11, 14, 15, 16, 17, 18, 20, 58], "excluded_lines": []}}, "classes": {"": {"executed_lines": [], "summary": {"covered_lines": 0, "num_statements": 24, "percent_covered": 0.0, "percent_covered_display": "0", "missing_lines": 24, "excluded_lines": 0}, "missing_lines": [5, 6, 7, 9, 10, 11, 14, 15, 16, 17, 18, 20, 22, 29, 38, 39, 40, 43, 44, 47, 48, 49, 55, 58], "excluded_lines": []}}}, "src/pydantic_api/dependencies.py": {"executed_lines": [], "summary": {"covered_lines": 0, "num_statements": 12, "percent_covered": 0.0, "percent_covered_display": "0", "missing_lines": 12, "excluded_lines": 0}, "missing_lines": [5, 6, 8, 10, 11, 13, 14, 16, 18, 27, 29, 47], "excluded_lines": [], "functions": {"get_tool_session_service": {"executed_lines": [], "summary": {"covered_lines": 0, "num_statements": 1, "percent_covered": 0.0, "percent_covered_display": "0", "missing_lines": 1, "excluded_lines": 0}, "missing_lines": [16], "excluded_lines": []}, "get_current_user_id": {"executed_lines": [], "summary": {"covered_lines": 0, "num_statements": 1, "percent_covered": 0.0, "percent_covered_display": "0", "missing_lines": 1, "excluded_lines": 0}, "missing_lines": [27], "excluded_lines": []}, "verify_casefile_access": {"executed_lines": [], "summary": {"covered_lines": 0, "num_statements": 1, "percent_covered": 0.0, "percent_covered_display": "0", "missing_lines": 1, "excluded_lines": 0}, "missing_lines": [47], "excluded_lines": []}, "": {"executed_lines": [], "summary": {"covered_lines": 0, "num_statements": 9, "percent_covered": 0.0, "percent_covered_display": "0", "missing_lines": 9, "excluded_lines": 0}, "missing_lines": [5, 6, 8, 10, 11, 13, 14, 18, 29], "excluded_lines": []}}, "classes": {"": {"executed_lines": [], "summary": {"covered_lines": 0, "num_statements": 12, "percent_covered": 0.0, "percent_covered_display": "0", "missing_lines": 12, "excluded_lines": 0}, "missing_lines": [5, 6, 8, 10, 11, 13, 14, 16, 18, 27, 29, 47], "excluded_lines": []}}}, "src/pydantic_api/routers/__init__.py": {"executed_lines": [], "summary": {"covered_lines": 0, "num_statements": 1, "percent_covered": 0.0, "percent_covered_display": "0", "missing_lines": 1, "excluded_lines": 0}, "missing_lines": [6], "excluded_lines": [], "functions": {"": {"executed_lines": [], "summary": {"covered_lines": 0, "num_statements": 1, "percent_covered": 0.0, "percent_covered_display": "0", "missing_lines": 1, "excluded_lines": 0}, "missing_lines": [6], "excluded_lines": []}}, "classes": {"": {"executed_lines": [], "summary": {"covered_lines": 0, "num_statements": 1, "percent_covered": 0.0, "percent_covered_display": "0", "missing_lines": 1, "excluded_lines": 0}, "missing_lines": [6], "excluded_lines": []}}}, "src/pydantic_api/routers/casefile.py": {"executed_lines": [], "summary": {"covered_lines": 0, "num_statements": 43, "percent_covered": 0.0, "percent_covered_display": "0", "missing_lines": 43, "excluded_lines": 0}, "missing_lines": [5, 6, 8, 9, 10, 12, 18, 20, 22, 23, 32, 34, 41, 42, 48, 49, 52, 54, 59, 60, 61, 63, 64, 71, 73, 76, 78, 83, 84, 85, 87, 88, 94, 96, 98, 99, 105, 107, 110, 112, 117, 118, 119], "excluded_lines": [], "functions": {"get_casefile_service": {"executed_lines": [], "summary": {"covered_lines": 0, "num_statements": 1, "percent_covered": 0.0, "percent_covered_display": "0", "missing_lines": 1, "excluded_lines": 0}, "missing_lines": [20], "excluded_lines": []}, "create_casefile": {"executed_lines": [], "summary": {"covered_lines": 0, "num_statements": 2, "percent_covered": 0.0, "percent_covered_display": "0", "missing_lines": 2, "excluded_lines": 0}, "missing_lines": [32, 34], "excluded_lines": []}, "get_casefile": {"executed_lines": [], "summary": {"covered_lines": 0, "num_statements": 7, "percent_covered": 0.0, "percent_covered_display": "0", "missing_lines": 7, "excluded_lines": 0}, "missing_lines": [48, 49, 52, 54, 59, 60, 61], "excluded_lines": []}, "update_casefile": {"executed_lines": [], "summary": {"covered_lines": 0, "num_statements": 7, "percent_covered": 0.0, "percent_covered_display": "0", "missing_lines": 7, "excluded_lines": 0}, "missing_lines": [71, 73, 76, 78, 83, 84, 85], "excluded_lines": []}, "list_casefiles": {"executed_lines": [], "summary": {"covered_lines": 0, "num_statements": 2, "percent_covered": 0.0, "percent_covered_display": "0", "missing_lines": 2, "excluded_lines": 0}, "missing_lines": [94, 96], "excluded_lines": []}, "delete_casefile": {"executed_lines": [], "summary": {"covered_lines": 0, "num_statements": 7, "percent_covered": 0.0, "percent_covered_display": "0", "missing_lines": 7, "excluded_lines": 0}, "missing_lines": [105, 107, 110, 112, 117, 118, 119], "excluded_lines": []}, "": {"executed_lines": [], "summary": {"covered_lines": 0, "num_statements": 17, "percent_covered": 0.0, "percent_covered_display": "0", "missing_lines": 17, "excluded_lines": 0}, "missing_lines": [5, 6, 8, 9, 10, 12, 18, 22, 23, 41, 42, 63, 64, 87, 88, 98, 99], "excluded_lines": []}}, "classes": {"": {"executed_lines": [], "summary": {"covered_lines": 0, "num_statements": 43, "percent_covered": 0.0, "percent_covered_display": "0", "missing_lines": 43, "excluded_lines": 0}, "missing_lines": [5, 6, 8, 9, 10, 12, 18, 20, 22, 23, 32, 34, 41, 42, 48, 49, 52, 54, 59, 60, 61, 63, 64, 71, 73, 76, 78, 83, 84, 85, 87, 88, 94, 96, 98, 99, 105, 107, 110, 112, 117, 118, 119], "excluded_lines": []}}}, "src/pydantic_api/routers/chat.py": {"executed_lines": [], "summary": {"covered_lines": 0, "num_statements": 63, "percent_covered": 0.0, "percent_covered_display": "0", "missing_lines": 63, "excluded_lines": 0}, "missing_lines": [5, 6, 7, 9, 10, 11, 12, 14, 19, 21, 23, 24, 31, 32, 34, 35, 38, 39, 41, 42, 50, 51, 53, 55, 58, 59, 60, 61, 62, 63, 66, 75, 83, 86, 87, 89, 91, 92, 97, 98, 103, 104, 105, 106, 107, 111, 112, 117, 118, 124, 125, 126, 127, 128, 133, 134, 139, 140, 141, 142, 143, 147, 148], "excluded_lines": [], "functions": {"get_communication_service": {"executed_lines": [], "summary": {"covered_lines": 0, "num_statements": 1, "percent_covered": 0.0, "percent_covered_display": "0", "missing_lines": 1, "excluded_lines": 0}, "missing_lines": [21], "excluded_lines": []}, "create_session": {"executed_lines": [], "summary": {"covered_lines": 0, "num_statements": 6, "percent_covered": 0.0, "percent_covered_display": "0", "missing_lines": 6, "excluded_lines": 0}, "missing_lines": [31, 32, 34, 35, 38, 39], "excluded_lines": []}, "send_message": {"executed_lines": [], "summary": {"covered_lines": 0, "num_statements": 18, "percent_covered": 0.0, "percent_covered_display": "0", "missing_lines": 18, "excluded_lines": 0}, "missing_lines": [50, 51, 53, 55, 58, 59, 60, 61, 62, 63, 66, 75, 83, 86, 87, 89, 91, 92], "excluded_lines": []}, "get_session": {"executed_lines": [], "summary": {"covered_lines": 0, "num_statements": 7, "percent_covered": 0.0, "percent_covered_display": "0", "missing_lines": 7, "excluded_lines": 0}, "missing_lines": [103, 104, 105, 106, 107, 111, 112], "excluded_lines": []}, "list_sessions": {"executed_lines": [], "summary": {"covered_lines": 0, "num_statements": 5, "percent_covered": 0.0, "percent_covered_display": "0", "missing_lines": 5, "excluded_lines": 0}, "missing_lines": [124, 125, 126, 127, 128], "excluded_lines": []}, "close_session": {"executed_lines": [], "summary": {"covered_lines": 0, "num_statements": 7, "percent_covered": 0.0, "percent_covered_display": "0", "missing_lines": 7, "excluded_lines": 0}, "missing_lines": [139, 140, 141, 142, 143, 147, 148], "excluded_lines": []}, "": {"executed_lines": [], "summary": {"covered_lines": 0, "num_statements": 19, "percent_covered": 0.0, "percent_covered_display": "0", "missing_lines": 19, "excluded_lines": 0}, "missing_lines": [5, 6, 7, 9, 10, 11, 12, 14, 19, 23, 24, 41, 42, 97, 98, 117, 118, 133, 134], "excluded_lines": []}}, "classes": {"": {"executed_lines": [], "summary": {"covered_lines": 0, "num_statements": 63, "percent_covered": 0.0, "percent_covered_display": "0", "missing_lines": 63, "excluded_lines": 0}, "missing_lines": [5, 6, 7, 9, 10, 11, 12, 14, 19, 21, 23, 24, 31, 32, 34, 35, 38, 39, 41, 42, 50, 51, 53, 55, 58, 59, 60, 61, 62, 63, 66, 75, 83, 86, 87, 89, 91, 92, 97, 98, 103, 104, 105, 106, 107, 111, 112, 117, 118, 124, 125, 126, 127, 128, 133, 134, 139, 140, 141, 142, 143, 147, 148], "excluded_lines": []}}}, "src/pydantic_api/routers/tool_session.py": {"executed_lines": [], "summary": {"covered_lines": 0, "num_statements": 98, "percent_covered": 0.0, "percent_covered_display": "0", "missing_lines": 98, "excluded_lines": 0}, "missing_lines": [5, 6, 7, 8, 10, 11, 12, 13, 18, 19, 20, 22, 28, 30, 32, 33, 49, 52, 53, 56, 57, 61, 62, 65, 66, 68, 69, 70, 74, 75, 80, 81, 82, 83, 84, 87, 89, 90, 96, 98, 99, 100, 106, 107, 109, 110, 111, 112, 113, 115, 116, 122, 123, 126, 127, 132, 133, 134, 136, 137, 144, 150, 152, 153, 159, 161, 162, 163, 168, 169, 170, 172, 173, 179, 180, 181, 182, 189, 190, 204, 205, 206, 208, 209, 210, 215, 224, 225, 243, 244, 245, 250, 253, 254, 269, 270, 271, 276], "excluded_lines": [], "functions": {"get_casefile_service": {"executed_lines": [], "summary": {"covered_lines": 0, "num_statements": 1, "percent_covered": 0.0, "percent_covered_display": "0", "missing_lines": 1, "excluded_lines": 0}, "missing_lines": [30], "excluded_lines": []}, "create_session": {"executed_lines": [], "summary": {"covered_lines": 0, "num_statements": 20, "percent_covered": 0.0, "percent_covered_display": "0", "missing_lines": 20, "excluded_lines": 0}, "missing_lines": [49, 52, 53, 56, 57, 61, 62, 65, 66, 68, 69, 70, 74, 75, 80, 81, 82, 83, 84, 87], "excluded_lines": []}, "execute_tool": {"executed_lines": [], "summary": {"covered_lines": 0, "num_statements": 11, "percent_covered": 0.0, "percent_covered_display": "0", "missing_lines": 11, "excluded_lines": 0}, "missing_lines": [96, 98, 99, 100, 106, 107, 109, 110, 111, 112, 113], "excluded_lines": []}, "get_session": {"executed_lines": [], "summary": {"covered_lines": 0, "num_statements": 7, "percent_covered": 0.0, "percent_covered_display": "0", "missing_lines": 7, "excluded_lines": 0}, "missing_lines": [122, 123, 126, 127, 132, 133, 134], "excluded_lines": []}, "list_sessions": {"executed_lines": [], "summary": {"covered_lines": 0, "num_statements": 2, "percent_covered": 0.0, "percent_covered_display": "0", "missing_lines": 2, "excluded_lines": 0}, "missing_lines": [144, 150], "excluded_lines": []}, "close_session": {"executed_lines": [], "summary": {"covered_lines": 0, "num_statements": 7, "percent_covered": 0.0, "percent_covered_display": "0", "missing_lines": 7, "excluded_lines": 0}, "missing_lines": [159, 161, 162, 163, 168, 169, 170], "excluded_lines": []}, "resume_session": {"executed_lines": [], "summary": {"covered_lines": 0, "num_statements": 4, "percent_covered": 0.0, "percent_covered_display": "0", "missing_lines": 4, "excluded_lines": 0}, "missing_lines": [179, 180, 181, 182], "excluded_lines": []}, "list_available_tools": {"executed_lines": [], "summary": {"covered_lines": 0, "num_statements": 7, "percent_covered": 0.0, "percent_covered_display": "0", "missing_lines": 7, "excluded_lines": 0}, "missing_lines": [204, 205, 206, 208, 209, 210, 215], "excluded_lines": []}, "get_tool_info": {"executed_lines": [], "summary": {"covered_lines": 0, "num_statements": 4, "percent_covered": 0.0, "percent_covered_display": "0", "missing_lines": 4, "excluded_lines": 0}, "missing_lines": [243, 244, 245, 250], "excluded_lines": []}, "get_tool_parameter_schema": {"executed_lines": [], "summary": {"covered_lines": 0, "num_statements": 4, "percent_covered": 0.0, "percent_covered_display": "0", "missing_lines": 4, "excluded_lines": 0}, "missing_lines": [269, 270, 271, 276], "excluded_lines": []}, "": {"executed_lines": [], "summary": {"covered_lines": 0, "num_statements": 31, "percent_covered": 0.0, "percent_covered_display": "0", "missing_lines": 31, "excluded_lines": 0}, "missing_lines": [5, 6, 7, 8, 10, 11, 12, 13, 18, 19, 20, 22, 28, 32, 33, 89, 90, 115, 116, 136, 137, 152, 153, 172, 173, 189, 190, 224, 225, 253, 254], "excluded_lines": []}}, "classes": {"": {"executed_lines": [], "summary": {"covered_lines": 0, "num_statements": 98, "percent_covered": 0.0, "percent_covered_display": "0", "missing_lines": 98, "excluded_lines": 0}, "missing_lines": [5, 6, 7, 8, 10, 11, 12, 13, 18, 19, 20, 22, 28, 30, 32, 33, 49, 52, 53, 56, 57, 61, 62, 65, 66, 68, 69, 70, 74, 75, 80, 81, 82, 83, 84, 87, 89, 90, 96, 98, 99, 100, 106, 107, 109, 110, 111, 112, 113, 115, 116, 122, 123, 126, 127, 132, 133, 134, 136, 137, 144, 150, 152, 153, 159, 161, 162, 163, 168, 169, 170, 172, 173, 179, 180, 181, 182, 189, 190, 204, 205, 206, 208, 209, 210, 215, 224, 225, 243, 244, 245, 250, 253, 254, 269, 270, 271, 276], "excluded_lines": []}}}, "src/pydantic_models/__init__.py": {"executed_lines": [], "summary": {"covered_lines": 0, "num_statements": 1, "percent_covered": 0.0, "percent_covered_display": "0", "missing_lines": 1, "excluded_lines": 0}, "missing_lines": [5], "excluded_lines": [], "functions": {"": {"executed_lines": [], "summary": {"covered_lines": 0, "num_statements": 1, "percent_covered": 0.0, "percent_covered_display": "0", "missing_lines": 1, "excluded_lines": 0}, "missing_lines": [5], "excluded_lines": []}}, "classes": {"": {"executed_lines": [], "summary": {"covered_lines": 0, "num_statements": 1, "percent_covered": 0.0, "percent_covered_display": "0", "missing_lines": 1, "excluded_lines": 0}, "missing_lines": [5], "excluded_lines": []}}}, "src/pydantic_models/casefile/__init__.py": {"executed_lines": [], "summary": {"covered_lines": 0, "num_statements": 1, "percent_covered": 0.0, "percent_covered_display": "0", "missing_lines": 1, "excluded_lines": 0}, "missing_lines": [5], "excluded_lines": [], "functions": {"": {"executed_lines": [], "summary": {"covered_lines": 0, "num_statements": 1, "percent_covered": 0.0, "percent_covered_display": "0", "missing_lines": 1, "excluded_lines": 0}, "missing_lines": [5], "excluded_lines": []}}, "classes": {"": {"executed_lines": [], "summary": {"covered_lines": 0, "num_statements": 1, "percent_covered": 0.0, "percent_covered_display": "0", "missing_lines": 1, "excluded_lines": 0}, "missing_lines": [5], "excluded_lines": []}}}, "src/pydantic_models/casefile/models.py": {"executed_lines": [], "summary": {"covered_lines": 0, "num_statements": 35, "percent_covered": 0.0, "percent_covered_display": "0", "missing_lines": 35, "excluded_lines": 0}, "missing_lines": [5, 6, 7, 9, 11, 13, 15, 17, 18, 19, 20, 21, 22, 24, 26, 27, 28, 29, 31, 33, 34, 35, 36, 37, 39, 40, 42, 44, 46, 47, 48, 49, 50, 51, 52], "excluded_lines": [], "functions": {"generate_casefile_id": {"executed_lines": [], "summary": {"covered_lines": 0, "num_statements": 1, "percent_covered": 0.0, "percent_covered_display": "0", "missing_lines": 1, "excluded_lines": 0}, "missing_lines": [13], "excluded_lines": []}, "CasefileModel.resource_count": {"executed_lines": [], "summary": {"covered_lines": 0, "num_statements": 1, "percent_covered": 0.0, "percent_covered_display": "0", "missing_lines": 1, "excluded_lines": 0}, "missing_lines": [42], "excluded_lines": []}, "": {"executed_lines": [], "summary": {"covered_lines": 0, "num_statements": 33, "percent_covered": 0.0, "percent_covered_display": "0", "missing_lines": 33, "excluded_lines": 0}, "missing_lines": [5, 6, 7, 9, 11, 15, 17, 18, 19, 20, 21, 22, 24, 26, 27, 28, 29, 31, 33, 34, 35, 36, 37, 39, 40, 44, 46, 47, 48, 49, 50, 51, 52], "excluded_lines": []}}, "classes": {"CasefileMetadata": {"executed_lines": [], "summary": {"covered_lines": 0, "num_statements": 0, "percent_covered": 100.0, "percent_covered_display": "100", "missing_lines": 0, "excluded_lines": 0}, "missing_lines": [], "excluded_lines": []}, "ResourceReference": {"executed_lines": [], "summary": {"covered_lines": 0, "num_statements": 0, "percent_covered": 100.0, "percent_covered_display": "100", "missing_lines": 0, "excluded_lines": 0}, "missing_lines": [], "excluded_lines": []}, "CasefileModel": {"executed_lines": [], "summary": {"covered_lines": 0, "num_statements": 1, "percent_covered": 0.0, "percent_covered_display": "0", "missing_lines": 1, "excluded_lines": 0}, "missing_lines": [42], "excluded_lines": []}, "CasefileSummary": {"executed_lines": [], "summary": {"covered_lines": 0, "num_statements": 0, "percent_covered": 100.0, "percent_covered_display": "100", "missing_lines": 0, "excluded_lines": 0}, "missing_lines": [], "excluded_lines": []}, "": {"executed_lines": [], "summary": {"covered_lines": 0, "num_statements": 34, "percent_covered": 0.0, "percent_covered_display": "0", "missing_lines": 34, "excluded_lines": 0}, "missing_lines": [5, 6, 7, 9, 11, 13, 15, 17, 18, 19, 20, 21, 22, 24, 26, 27, 28, 29, 31, 33, 34, 35, 36, 37, 39, 40, 44, 46, 47, 48, 49, 50, 51, 52], "excluded_lines": []}}}, "src/pydantic_models/communication/__init__.py": {"executed_lines": [], "summary": {"covered_lines": 0, "num_statements": 0, "percent_covered": 100.0, "percent_covered_display": "100", "missing_lines": 0, "excluded_lines": 0}, "missing_lines": [], "excluded_lines": [], "functions": {"": {"executed_lines": [], "summary": {"covered_lines": 0, "num_statements": 0, "percent_covered": 100.0, "percent_covered_display": "100", "missing_lines": 0, "excluded_lines": 0}, "missing_lines": [], "excluded_lines": []}}, "classes": {"": {"executed_lines": [], "summary": {"covered_lines": 0, "num_statements": 0, "percent_covered": 100.0, "percent_covered_display": "100", "missing_lines": 0, "excluded_lines": 0}, "missing_lines": [], "excluded_lines": []}}}, "src/pydantic_models/communication/models.py": {"executed_lines": [], "summary": {"covered_lines": 0, "num_statements": 37, "percent_covered": 0.0, "percent_covered_display": "0", "missing_lines": 37, "excluded_lines": 0}, "missing_lines": [5, 6, 7, 8, 10, 13, 15, 16, 17, 18, 19, 21, 23, 24, 25, 26, 27, 29, 31, 32, 33, 36, 38, 40, 42, 44, 46, 47, 48, 49, 50, 51, 52, 53, 54, 55, 56], "excluded_lines": [], "functions": {"": {"executed_lines": [], "summary": {"covered_lines": 0, "num_statements": 37, "percent_covered": 0.0, "percent_covered_display": "0", "missing_lines": 37, "excluded_lines": 0}, "missing_lines": [5, 6, 7, 8, 10, 13, 15, 16, 1
[...]
es": 0, "excluded_lines": 0}, "missing_lines": [], "excluded_lines": []}, "": {"executed_lines": [], "summary": {"covered_lines": 0, "num_statements": 13, "percent_covered": 0.0, "percent_covered_display": "0", "missing_lines": 13, "excluded_lines": 0}, "missing_lines": [5, 6, 7, 8, 10, 12, 14, 16, 17, 18, 19, 20, 21], "excluded_lines": []}}}, "src/pydantic_models/tool_session/tool_definition.py": {"executed_lines": [], "summary": {"covered_lines": 0, "num_statements": 77, "percent_covered": 0.0, "percent_covered_display": "0", "missing_lines": 77, "excluded_lines": 0}, "missing_lines": [15, 16, 17, 18, 21, 27, 28, 29, 30, 31, 32, 35, 44, 45, 46, 47, 48, 51, 52, 53, 54, 55, 56, 58, 72, 83, 84, 85, 86, 87, 88, 89, 92, 93, 95, 109, 119, 120, 121, 124, 125, 129, 135, 136, 139, 140, 141, 143, 156, 183, 186, 192, 198, 204, 211, 216, 243, 259, 260, 263, 265, 276, 277, 280, 293, 306, 307, 309, 314, 321, 322, 324, 325, 326, 328, 330, 337], "excluded_lines": [], "functions": {"ManagedToolDefinition.validate_params": {"executed_lines": [], "summary": {"covered_lines": 0, "num_statements": 3, "percent_covered": 0.0, "percent_covered_display": "0", "missing_lines": 3, "excluded_lines": 0}, "missing_lines": [259, 260, 263], "excluded_lines": []}, "ManagedToolDefinition.get_openapi_schema": {"executed_lines": [], "summary": {"covered_lines": 0, "num_statements": 3, "percent_covered": 0.0, "percent_covered_display": "0", "missing_lines": 3, "excluded_lines": 0}, "missing_lines": [276, 277, 280], "excluded_lines": []}, "ManagedToolDefinition.check_permission": {"executed_lines": [], "summary": {"covered_lines": 0, "num_statements": 3, "percent_covered": 0.0, "percent_covered_display": "0", "missing_lines": 3, "excluded_lines": 0}, "missing_lines": [306, 307, 309], "excluded_lines": []}, "ManagedToolDefinition.check_enabled": {"executed_lines": [], "summary": {"covered_lines": 0, "num_statements": 6, "percent_covered": 0.0, "percent_covered_display": "0", "missing_lines": 6, "excluded_lines": 0}, "missing_lines": [321, 322, 324, 325, 326, 328], "excluded_lines": []}, "ManagedToolDefinition.to_discovery_format": {"executed_lines": [], "summary": {"covered_lines": 0, "num_statements": 1, "percent_covered": 0.0, "percent_covered_display": "0", "missing_lines": 1, "excluded_lines": 0}, "missing_lines": [337], "excluded_lines": []}, "": {"executed_lines": [], "summary": {"covered_lines": 0, "num_statements": 61, "percent_covered": 0.0, "percent_covered_display": "0", "missing_lines": 61, "excluded_lines": 0}, "missing_lines": [15, 16, 17, 18, 21, 27, 28, 29, 30, 31, 32, 35, 44, 45, 46, 47, 48, 51, 52, 53, 54, 55, 56, 58, 72, 83, 84, 85, 86, 87, 88, 89, 92, 93, 95, 109, 119, 120, 121, 124, 125, 129, 135, 136, 139, 140, 141, 143, 156, 183, 186, 192, 198, 204, 211, 216, 243, 265, 293, 314, 330], "excluded_lines": []}}, "classes": {"ParameterType": {"executed_lines": [], "summary": {"covered_lines": 0, "num_statements": 0, "percent_covered": 100.0, "percent_covered_display": "100", "missing_lines": 0, "excluded_lines": 0}, "missing_lines": [], "excluded_lines": []}, "ToolParameterDef": {"executed_lines": [], "summary": {"covered_lines": 0, "num_statements": 0, "percent_covered": 100.0, "percent_covered_display": "100", "missing_lines": 0, "excluded_lines": 0}, "missing_lines": [], "excluded_lines": []}, "ToolMetadata": {"executed_lines": [], "summary": {"covered_lines": 0, "num_statements": 0, "percent_covered": 100.0, "percent_covered_display": "100", "missing_lines": 0, "excluded_lines": 0}, "missing_lines": [], "excluded_lines": []}, "ToolBusinessRules": {"executed_lines": [], "summary": {"covered_lines": 0, "num_statements": 0, "percent_covered": 100.0, "percent_covered_display": "100", "missing_lines": 0, "excluded_lines": 0}, "missing_lines": [], "excluded_lines": []}, "ManagedToolDefinition": {"executed_lines": [], "summary": {"covered_lines": 0, "num_statements": 16, "percent_covered": 0.0, "percent_covered_display": "0", "missing_lines": 16, "excluded_lines": 0}, "missing_lines": [259, 260, 263, 276, 277, 280, 306, 307, 309, 321, 322, 324, 325, 326, 328, 337], "excluded_lines": []}, "": {"executed_lines": [], "summary": {"covered_lines": 0, "num_statements": 61, "percent_covered": 0.0, "percent_covered_display": "0", "missing_lines": 61, "excluded_lines": 0}, "missing_lines": [15, 16, 17, 18, 21, 27, 28, 29, 30, 31, 32, 35, 44, 45, 46, 47, 48, 51, 52, 53, 54, 55, 56, 58, 72, 83, 84, 85, 86, 87, 88, 89, 92, 93, 95, 109, 119, 120, 121, 124, 125, 129, 135, 136, 139, 140, 141, 143, 156, 183, 186, 192, 198, 204, 211, 216, 243, 265, 293, 314, 330], "excluded_lines": []}}}, "src/solidservice/__init__.py": {"executed_lines": [], "summary": {"covered_lines": 0, "num_statements": 0, "percent_covered": 100.0, "percent_covered_display": "100", "missing_lines": 0, "excluded_lines": 0}, "missing_lines": [], "excluded_lines": [], "functions": {"": {"executed_lines": [], "summary": {"covered_lines": 0, "num_statements": 0, "percent_covered": 100.0, "percent_covered_display": "100", "missing_lines": 0, "excluded_lines": 0}, "missing_lines": [], "excluded_lines": []}}, "classes": {"": {"executed_lines": [], "summary": {"covered_lines": 0, "num_statements": 0, "percent_covered": 100.0, "percent_covered_display": "100", "missing_lines": 0, "excluded_lines": 0}, "missing_lines": [], "excluded_lines": []}}}, "src/solidservice/client.py": {"executed_lines": [], "summary": {"covered_lines": 0, "num_statements": 98, "percent_covered": 0.0, "percent_covered_display": "0", "missing_lines": 98, "excluded_lines": 0}, "missing_lines": [6, 7, 8, 9, 10, 12, 15, 23, 39, 40, 41, 44, 45, 47, 48, 50, 52, 54, 62, 63, 67, 68, 69, 70, 71, 73, 75, 85, 86, 87, 89, 94, 95, 96, 98, 99, 100, 102, 103, 104, 106, 107, 108, 110, 122, 124, 128, 129, 130, 132, 133, 134, 136, 137, 139, 140, 141, 143, 153, 155, 156, 157, 159, 160, 161, 163, 164, 166, 167, 168, 170, 180, 182, 183, 184, 186, 187, 188, 190, 191, 193, 194, 195, 197, 207, 208, 209, 211, 212, 213, 215, 216, 217, 219, 220, 222, 223, 224], "excluded_lines": [], "functions": {"SolidPodClient.__init__": {"executed_lines": [], "summary": {"covered_lines": 0, "num_statements": 7, "percent_covered": 0.0, "percent_covered_display": "0", "missing_lines": 7, "excluded_lines": 0}, "missing_lines": [39, 40, 41, 44, 45, 47, 48], "excluded_lines": []}, "SolidPodClient._get_session": {"executed_lines": [], "summary": {"covered_lines": 0, "num_statements": 10, "percent_covered": 0.0, "percent_covered_display": "0", "missing_lines": 10, "excluded_lines": 0}, "missing_lines": [52, 54, 62, 63, 67, 68, 69, 70, 71, 73], "excluded_lines": []}, "SolidPodClient.create_container": {"executed_lines": [], "summary": {"covered_lines": 0, "num_statements": 16, "percent_covered": 0.0, "percent_covered_display": "0", "missing_lines": 16, "excluded_lines": 0}, "missing_lines": [85, 86, 87, 89, 94, 95, 96, 98, 99, 100, 102, 103, 104, 106, 107, 108], "excluded_lines": []}, "SolidPodClient.write_resource": {"executed_lines": [], "summary": {"covered_lines": 0, "num_statements": 13, "percent_covered": 0.0, "percent_covered_display": "0", "missing_lines": 13, "excluded_lines": 0}, "missing_lines": [122, 124, 128, 129, 130, 132, 133, 134, 136, 137, 139, 140, 141], "excluded_lines": []}, "SolidPodClient.read_resource": {"executed_lines": [], "summary": {"covered_lines": 0, "num_statements": 12, "percent_covered": 0.0, "percent_covered_display": "0", "missing_lines": 12, "excluded_lines": 0}, "missing_lines": [153, 155, 156, 157, 159, 160, 161, 163, 164, 166, 167, 168], "excluded_lines": []}, "SolidPodClient.delete_resource": {"executed_lines": [], "summary": {"covered_lines": 0, "num_statements": 12, "percent_covered": 0.0, "percent_covered_display": "0", "missing_lines": 12, "excluded_lines": 0}, "missing_lines": [180, 182, 183, 184, 186, 187, 188, 190, 191, 193, 194, 195], "excluded_lines": []}, "SolidPodClient.list_container": {"executed_lines": [], "summary": {"covered_lines": 0, "num_statements": 14, "percent_covered": 0.0, "percent_covered_display": "0", "missing_lines": 14, "excluded_lines": 0}, "missing_lines": [207, 208, 209, 211, 212, 213, 215, 216, 217, 219, 220, 222, 223, 224], "excluded_lines": []}, "": {"executed_lines": [], "summary": {"covered_lines": 0, "num_statements": 14, "percent_covered": 0.0, "percent_covered_display": "0", "missing_lines": 14, "excluded_lines": 0}, "missing_lines": [6, 7, 8, 9, 10, 12, 15, 23, 50, 75, 110, 143, 170, 197], "excluded_lines": []}}, "classes": {"SolidPodClient": {"executed_lines": [], "summary": {"covered_lines": 0, "num_statements": 84, "percent_covered": 0.0, "percent_covered_display": "0", "missing_lines": 84, "excluded_lines": 0}, "missing_lines": [39, 40, 41, 44, 45, 47, 48, 52, 54, 62, 63, 67, 68, 69, 70, 71, 73, 85, 86, 87, 89, 94, 95, 96, 98, 99, 100, 102, 103, 104, 106, 107, 108, 122, 124, 128, 129, 130, 132, 133, 134, 136, 137, 139, 140, 141, 153, 155, 156, 157, 159, 160, 161, 163, 164, 166, 167, 168, 180, 182, 183, 184, 186, 187, 188, 190, 191, 193, 194, 195, 207, 208, 209, 211, 212, 213, 215, 216, 217, 219, 220, 222, 223, 224], "excluded_lines": []}, "": {"executed_lines": [], "summary": {"covered_lines": 0, "num_statements": 14, "percent_covered": 0.0, "percent_covered_display": "0", "missing_lines": 14, "excluded_lines": 0}, "missing_lines": [6, 7, 8, 9, 10, 12, 15, 23, 50, 75, 110, 143, 170, 197], "excluded_lines": []}}}, "src/tool_sessionservice/__init__.py": {"executed_lines": [], "summary": {"covered_lines": 0, "num_statements": 1, "percent_covered": 0.0, "percent_covered_display": "0", "missing_lines": 1, "excluded_lines": 0}, "missing_lines": [5], "excluded_lines": [], "functions": {"": {"executed_lines": [], "summary": {"covered_lines": 0, "num_statements": 1, "percent_covered": 0.0, "percent_covered_display": "0", "missing_lines": 1, "excluded_lines": 0}, "missing_lines": [5], "excluded_lines": []}}, "classes": {"": {"executed_lines": [], "summary": {"covered_lines": 0, "num_statements": 1, "percent_covered": 0.0, "percent_covered_display": "0", "missing_lines": 1, "excluded_lines": 0}, "missing_lines": [5], "excluded_lines": []}}}, "src/tool_sessionservice/repository.py": {"executed_lines": [], "summary": {"covered_lines": 0, "num_statements": 91, "percent_covered": 0.0, "percent_covered_display": "0", "missing_lines": 91, "excluded_lines": 4}, "missing_lines": [3, 4, 5, 6, 9, 10, 11, 17, 19, 22, 25, 26, 31, 32, 33, 34, 35, 36, 37, 38, 39, 40, 42, 43, 45, 46, 47, 54, 57, 68, 69, 72, 80, 82, 84, 85, 86, 88, 89, 99, 101, 106, 107, 110, 115, 117, 120, 121, 128, 130, 132, 133, 138, 141, 147, 150, 151, 155, 157, 162, 163, 164, 166, 168, 174, 175, 176, 177, 178, 180, 182, 184, 185, 186, 187, 188, 190, 191, 192, 193, 195, 197, 199, 202, 203, 205, 206, 207, 209, 212, 215], "excluded_lines": [12, 13, 48, 49], "functions": {"ToolSessionRepository.__init__": {"executed_lines": [], "summary": {"covered_lines": 0, "num_statements": 1, "percent_covered": 0.0, "percent_covered_display": "0", "missing_lines": 1, "excluded_lines": 0}, "missing_lines": [26], "excluded_lines": []}, "ToolSessionRepository._init_firestore": {"executed_lines": [], "summary": {"covered_lines": 0, "num_statements": 14, "percent_covered": 0.0, "percent_covered_display": "0", "missing_lines": 14, "excluded_lines": 2}, "missing_lines": [32, 33, 34, 35, 36, 37, 38, 39, 40, 42, 43, 45, 46, 47], "excluded_lines": [48, 49]}, "ToolSessionRepository.create_session": {"executed_lines": [], "summary": {"covered_lines": 0, "num_statements": 5, "percent_covered": 0.0, "percent_covered_display": "0", "missing_lines": 5, "excluded_lines": 0}, "missing_lines": [57, 68, 69, 72, 80], "excluded_lines": []}, "ToolSessionRepository.get_session": {"executed_lines": [], "summary": {"covered_lines": 0, "num_statements": 5, "percent_covered": 0.0, "percent_covered_display": "0", "missing_lines": 5, "excluded_lines": 0}, "missing_lines": [84, 85, 86, 88, 89], "excluded_lines": []}, "ToolSessionRepository.update_session": {"executed_lines": [], "summary": {"covered_lines": 0, "num_statements": 4, "percent_covered": 0.0, "percent_covered_display": "0", "missing_lines": 4, "excluded_lines": 0}, "missing_lines": [101, 106, 107, 110], "excluded_lines": []}, "ToolSessionRepository.add_request_to_session": {"executed_lines": [], "summary": {"covered_lines": 0, "num_statements": 4, "percent_covered": 0.0, "percent_covered_display": "0", "missing_lines": 4, "excluded_lines": 0}, "missing_lines": [117, 120, 121, 128], "excluded_lines": []}, "ToolSessionRepository.update_request_response": {"executed_lines": [], "summary": {"covered_lines": 0, "num_statements": 2, "percent_covered": 0.0, "percent_covered_display": "0", "missing_lines": 2, "excluded_lines": 0}, "missing_lines": [132, 133], "excluded_lines": []}, "ToolSessionRepository.add_event_to_request": {"executed_lines": [], "summary": {"covered_lines": 0, "num_statements": 4, "percent_covered": 0.0, "percent_covered_display": "0", "missing_lines": 4, "excluded_lines": 0}, "missing_lines": [141, 147, 150, 151], "excluded_lines": []}, "ToolSessionRepository.get_request": {"executed_lines": [], "summary": {"covered_lines": 0, "num_statements": 4, "percent_covered": 0.0, "percent_covered_display": "0", "missing_lines": 4, "excluded_lines": 0}, "missing_lines": [157, 162, 163, 164], "excluded_lines": []}, "ToolSessionRepository.get_request_events": {"executed_lines": [], "summary": {"covered_lines": 0, "num_statements": 6, "percent_covered": 0.0, "percent_covered_display": "0", "missing_lines": 6, "excluded_lines": 0}, "missing_lines": [168, 174, 175, 176, 177, 178], "excluded_lines": []}, "ToolSessionRepository.list_sessions": {"executed_lines": [], "summary": {"covered_lines": 0, "num_statements": 11, "percent_covered": 0.0, "percent_covered_display": "0", "missing_lines": 11, "excluded_lines": 0}, "missing_lines": [182, 184, 185, 186, 187, 188, 190, 191, 192, 193, 195], "excluded_lines": []}, "ToolSessionRepository.delete_session": {"executed_lines": [], "summary": {"covered_lines": 0, "num_statements": 9, "percent_covered": 0.0, "percent_covered_display": "0", "missing_lines": 9, "excluded_lines": 0}, "missing_lines": [199, 202, 203, 205, 206, 207, 209, 212, 215], "excluded_lines": []}, "": {"executed_lines": [], "summary": {"covered_lines": 0, "num_statements": 22, "percent_covered": 0.0, "percent_covered_display": "0", "missing_lines": 22, "excluded_lines": 2}, "missing_lines": [3, 4, 5, 6, 9, 10, 11, 17, 19, 22, 25, 31, 54, 82, 99, 115, 130, 138, 155, 166, 180, 197], "excluded_lines": [12, 13]}}, "classes": {"ToolSessionRepository": {"executed_lines": [], "summary": {"covered_lines": 0, "num_statements": 69, "percent_covered": 0.0, "percent_covered_display": "0", "missing_lines": 69, "excluded_lines": 2}, "missing_lines": [26, 32, 33, 34, 35, 36, 37, 38, 39, 40, 42, 43, 45, 46, 47, 57, 68, 69, 72, 80, 84, 85, 86, 88, 89, 101, 106, 107, 110, 117, 120, 121, 128, 132, 133, 141, 147, 150, 151, 157, 162, 163, 164, 168, 174, 175, 176, 177, 178, 182, 184, 185, 186, 187, 188, 190, 191, 192, 193, 195, 199, 202, 203, 205, 206, 207, 209, 212, 215], "excluded_lines": [48, 49]}, "": {"executed_lines": [], "summary": {"covered_lines": 0, "num_statements": 22, "percent_covered": 0.0, "percent_covered_display": "0", "missing_lines": 22, "excluded_lines": 2}, "missing_lines": [3, 4, 5, 6, 9, 10, 11, 17, 19, 22, 25, 31, 54, 82, 99, 115, 130, 138, 155, 166, 180, 197], "excluded_lines": [12, 13]}}}, "src/tool_sessionservice/service.py": {"executed_lines": [], "summary": {"covered_lines": 0, "num_statements": 116, "percent_covered": 0.0, "percent_covered_display": "0", "missing_lines": 116, "excluded_lines": 0}, "missing_lines": [5, 6, 7, 8, 10, 11, 12, 13, 14, 19, 20, 21, 23, 25, 28, 29, 30, 32, 42, 45, 52, 55, 56, 57, 59, 60, 61, 62, 63, 66, 68, 85, 89, 92, 93, 94, 96, 97, 98, 100, 101, 104, 105, 106, 109, 112, 113, 114, 115, 118, 119, 120, 123, 126, 134, 135, 136, 139, 144, 145, 147, 149, 150, 156, 157, 159, 162, 168, 171, 179, 180, 183, 194, 195, 198, 201, 209, 210, 213, 226, 233, 234, 237, 240, 241, 243, 245, 254, 255, 256, 258, 260, 270, 276, 289, 298, 299, 300, 302, 303, 304, 306, 312, 325, 326, 328, 329, 332, 333, 336, 337, 338, 339, 342, 345, 353], "excluded_lines": [], "functions": {"ToolSessionService.__init__": {"executed_lines": [], "summary": {"covered_lines": 0, "num_statements": 2, "percent_covered": 0.0, "percent_covered_display": "0", "missing_lines": 2, "excluded_lines": 0}, "missing_lines": [29, 30], "excluded_lines": []}, "ToolSessionService.create_session": {"executed_lines": [], "summary": {"covered_lines": 0, "num_statements": 12, "percent_covered": 0.0, "percent_covered_display": "0", "missing_lines": 12, "excluded_lines": 0}, "missing_lines": [42, 45, 52, 55, 56, 57, 59, 60, 61, 62, 63, 66], "excluded_lines": []}, "ToolSessionService.process_tool_request": {"executed_lines": [], "summary": {"covered_lines": 0, "num_statements": 55, "percent_covered": 0.0, "percent_covered_display": "0", "missing_lines": 55, "excluded_lines": 0}, "missing_lines": [85, 89, 92, 93, 94, 96, 97, 98, 100, 101, 104, 105, 106, 109, 112, 113, 114, 115, 118, 119, 120, 123, 126, 134, 135, 136, 139, 144, 145, 147, 149, 150, 156, 157, 159, 162, 168, 171, 179, 180, 183, 194, 195, 198, 201, 209, 210, 213, 226, 233, 234, 237, 240, 241, 243], "excluded_lines": []}, "ToolSessionService.get_session": {"executed_lines": [], "summary": {"covered_lines": 0, "num_statements": 4, "percent_covered": 0.0, "percent_covered_display": "0", "missing_lines": 4, "excluded_lines": 0}, "missing_lines": [254, 255, 256, 258], "excluded_lines": []}, "ToolSessionService.list_sessions": {"executed_lines": [], "summary": {"covered_lines": 0, "num_statements": 2, "percent_covered": 0.0, "percent_covered_display": "0", "missing_lines": 2, "excluded_lines": 0}, "missing_lines": [270, 276], "excluded_lines": []}, "ToolSessionService.close_session": {"executed_lines": [], "summary": {"covered_lines": 0, "num_statements": 7, "percent_covered": 0.0, "percent_covered_display": "0", "missing_lines": 7, "excluded_lines": 0}, "missing_lines": [298, 299, 300, 302, 303, 304, 306], "excluded_lines": []}, "ToolSessionService.resume_session": {"executed_lines": [], "summary": {"covered_lines": 0, "num_statements": 13, "percent_covered": 0.0, "percent_covered_display": "0", "missing_lines": 13, "excluded_lines": 0}, "missing_lines": [325, 326, 328, 329, 332, 333, 336, 337, 338, 339, 342, 345, 353], "excluded_lines": []}, "": {"executed_lines": [], "summary": {"covered_lines": 0, "num_statements": 21, "percent_covered": 0.0, "percent_covered_display": "0", "missing_lines": 21, "excluded_lines": 0}, "missing_lines": [5, 6, 7, 8, 10, 11, 12, 13, 14, 19, 20, 21, 23, 25, 28, 32, 68, 245, 260, 289, 312], "excluded_lines": []}}, "classes": {"ToolSessionService": {"executed_lines": [], "summary": {"covered_lines": 0, "num_statements": 95, "percent_covered": 0.0, "percent_covered_display": "0", "missing_lines": 95, "excluded_lines": 0}, "missing_lines": [29, 30, 42, 45, 52, 55, 56, 57, 59, 60, 61, 62, 63, 66, 85, 89, 92, 93, 94, 96, 97, 98, 100, 101, 104, 105, 106, 109, 112, 113, 114, 115, 118, 119, 120, 123, 126, 134, 135, 136, 139, 144, 145, 147, 149, 150, 156, 157, 159, 162, 168, 171, 179, 180, 183, 194, 195, 198, 201, 209, 210, 213, 226, 233, 234, 237, 240, 241, 243, 254, 255, 256, 258, 270, 276, 298, 299, 300, 302, 303, 304, 306, 325, 326, 328, 329, 332, 333, 336, 337, 338, 339, 342, 345, 353], "excluded_lines": []}, "": {"executed_lines": [], "summary": {"covered_lines": 0, "num_statements": 21, "percent_covered": 0.0, "percent_covered_display": "0", "missing_lines": 21, "excluded_lines": 0}, "missing_lines": [5, 6, 7, 8, 10, 11, 12, 13, 14, 19, 20, 21, 23, 25, 28, 32, 68, 245, 260, 289, 312], "excluded_lines": []}}}}, "totals": {"covered_lines": 0, "num_statements": 1883, "percent_covered": 0.0, "percent_covered_display": "0", "missing_lines": 1883, "excluded_lines": 5}}